#
# There is insufficient memory for the Java Runtime Environment to continue.
# Native memory allocation (malloc) failed to allocate 32744 bytes for ChunkPool::allocate
# Possible reasons:
#   The system is out of physical RAM or swap space
#   The process is running with CompressedOops enabled, and the Java Heap may be blocking the growth of the native heap
# Possible solutions:
#   Reduce memory load on the system
#   Increase physical memory or swap space
#   Check if swap backing store is full
#   Decrease Java heap size (-Xmx/-Xms)
#   Decrease number of Java threads
#   Decrease Java thread stack sizes (-Xss)
#   Set larger code cache with -XX:ReservedCodeCacheSize=
#   JVM is running with Zero Based Compressed Oops mode in which the Java heap is
#     placed in the first 32GB address space. The Java Heap base address is the
#     maximum limit for the native heap growth. Please use -XX:HeapBaseMinAddress
#     to set the Java Heap base and to place the Java Heap above 32GB virtual address.
# This output file may be truncated or incomplete.
#
#  Out of Memory Error (allocation.cpp:272), pid=40036, tid=0x0000000000002260
#
# JRE version: Java(TM) SE Runtime Environment (8.0_202-b08) (build 1.8.0_202-b08)
# Java VM: Java HotSpot(TM) 64-Bit Server VM (25.202-b08 mixed mode windows-amd64 compressed oops)
# Failed to write core dump. Minidumps are not enabled by default on client versions of Windows
#

---------------  T H R E A D  ---------------

Current thread (0x000000001df47000):  VMThread [stack: 0x0000000023000000,0x0000000023100000] [id=8800]

Stack: [0x0000000023000000,0x0000000023100000]
[error occurred during error reporting (printing stack bounds), id 0xc0000005]

Native frames: (J=compiled Java code, j=interpreted, Vv=VM code, C=native code)

VM_Operation (0x000000002989ea80): BulkRevokeBias, mode: safepoint, requested by thread 0x0000000027e86000


---------------  P R O C E S S  ---------------

Java Threads: ( => current thread )
  0x000000005c6a8000 JavaThread "NettyClientWorkerThread_4" daemon [_thread_blocked, id=10940, stack(0x000000006df90000,0x000000006e090000)]
  0x000000005c6a6800 JavaThread "NettyClientWorkerThread_4" [_thread_blocked, id=43980, stack(0x000000006de90000,0x000000006df90000)]
  0x000000005c6a2800 JavaThread "NettyClientWorkerThread_3" daemon [_thread_blocked, id=32352, stack(0x000000006dd90000,0x000000006de90000)]
  0x000000005c6a3800 JavaThread "NettyClientWorkerThread_4" daemon [_thread_blocked, id=39456, stack(0x000000006dc90000,0x000000006dd90000)]
  0x000000005c6a2000 JavaThread "NettyClientWorkerThread_3" [_thread_blocked, id=9528, stack(0x000000006db90000,0x000000006dc90000)]
  0x000000005c6a5000 JavaThread "NettyClientWorkerThread_4" daemon [_thread_blocked, id=11596, stack(0x000000006da90000,0x000000006db90000)]
  0x000000005c6a4000 JavaThread "NettyClientWorkerThread_4" daemon [_thread_blocked, id=28560, stack(0x000000006d990000,0x000000006da90000)]
  0x000000005c6a1000 JavaThread "NettyClientWorkerThread_3" daemon [_thread_blocked, id=39384, stack(0x000000006d890000,0x000000006d990000)]
  0x000000005c69d800 JavaThread "NettyClientWorkerThread_4" [_thread_blocked, id=13608, stack(0x000000006d790000,0x000000006d890000)]
  0x000000005c69f800 JavaThread "NettyClientWorkerThread_4" [_thread_blocked, id=19260, stack(0x000000006d690000,0x000000006d790000)]
  0x000000005c69e000 JavaThread "NettyClientWorkerThread_4" daemon [_thread_blocked, id=19012, stack(0x000000006d590000,0x000000006d690000)]
  0x000000005c6a0800 JavaThread "NettyClientWorkerThread_3" daemon [_thread_blocked, id=31116, stack(0x000000006d490000,0x000000006d590000)]
  0x000000005c69f000 JavaThread "NettyClientWorkerThread_2" daemon [_thread_blocked, id=28732, stack(0x000000006d390000,0x000000006d490000)]
  0x000000005c69c800 JavaThread "NettyClientWorkerThread_4" [_thread_blocked, id=42164, stack(0x000000006d290000,0x000000006d390000)]
  0x000000005c699000 JavaThread "NettyClientWorkerThread_2" [_thread_blocked, id=30548, stack(0x000000006d190000,0x000000006d290000)]
  0x000000005c699800 JavaThread "NettyClientWorkerThread_3" [_thread_blocked, id=22664, stack(0x000000006d090000,0x000000006d190000)]
  0x000000005c69c000 JavaThread "NettyClientWorkerThread_3" daemon [_thread_blocked, id=24876, stack(0x000000006cf90000,0x000000006d090000)]
  0x000000005c698000 JavaThread "NettyClientWorkerThread_4" [_thread_blocked, id=14692, stack(0x000000006ce90000,0x000000006cf90000)]
  0x000000005c69b000 JavaThread "NettyClientWorkerThread_2" daemon [_thread_blocked, id=41836, stack(0x000000006cd90000,0x000000006ce90000)]
  0x000000005c69a800 JavaThread "NettyClientWorkerThread_3" [_thread_blocked, id=10236, stack(0x000000006cc90000,0x000000006cd90000)]
  0x000000005c694800 JavaThread "NettyClientWorkerThread_3" daemon [_thread_blocked, id=17960, stack(0x000000006cb90000,0x000000006cc90000)]
  0x000000005c697800 JavaThread "NettyClientWorkerThread_4" [_thread_blocked, id=41568, stack(0x000000006ca90000,0x000000006cb90000)]
  0x000000005c696800 JavaThread "NettyClientWorkerThread_3" [_thread_blocked, id=39656, stack(0x000000006c990000,0x000000006ca90000)]
  0x000000005c696000 JavaThread "NettyClientWorkerThread_2" daemon [_thread_blocked, id=40064, stack(0x000000006bf00000,0x000000006c000000)]
  0x000000005c692000 JavaThread "NettyClientWorkerThread_2" [_thread_blocked, id=47912, stack(0x000000006be00000,0x000000006bf00000)]
  0x000000005c695000 JavaThread "NettyClientWorkerThread_4" [_thread_blocked, id=15444, stack(0x000000006bd00000,0x000000006be00000)]
  0x000000005c693000 JavaThread "NettyClientWorkerThread_3" [_thread_blocked, id=19008, stack(0x000000006bc00000,0x000000006bd00000)]
  0x000000005c693800 JavaThread "NettyClientWorkerThread_2" [_thread_blocked, id=45260, stack(0x000000006bb00000,0x000000006bc00000)]
  0x000000005c691800 JavaThread "NettyClientWorkerThread_2" daemon [_thread_blocked, id=9944, stack(0x000000006ba00000,0x000000006bb00000)]
  0x000000005c68d800 JavaThread "NettyClientWorkerThread_2" [_thread_blocked, id=25092, stack(0x000000006b900000,0x000000006ba00000)]
  0x000000005c68e800 JavaThread "NettyClientWorkerThread_3" [_thread_blocked, id=14836, stack(0x000000006b800000,0x000000006b900000)]
  0x000000005c690800 JavaThread "NettyClientWorkerThread_3" [_thread_blocked, id=40812, stack(0x000000006b700000,0x000000006b800000)]
  0x000000005c68f000 JavaThread "NettyClientWorkerThread_4" daemon [_thread_blocked, id=24052, stack(0x000000006b600000,0x000000006b700000)]
  0x000000005c68d000 JavaThread "NettyClientWorkerThread_2" daemon [_thread_blocked, id=38856, stack(0x000000006b500000,0x000000006b600000)]
  0x000000005c690000 JavaThread "NettyClientWorkerThread_2" [_thread_blocked, id=41968, stack(0x000000006b400000,0x000000006b500000)]
  0x000000005c68c000 JavaThread "NettyClientWorkerThread_4" [_thread_blocked, id=19976, stack(0x000000006b300000,0x000000006b400000)]
  0x000000005c68b800 JavaThread "NettyClientWorkerThread_2" [_thread_blocked, id=26428, stack(0x000000006b200000,0x000000006b300000)]
  0x000000005c687800 JavaThread "NettyClientWorkerThread_2" [_thread_blocked, id=12652, stack(0x000000006b100000,0x000000006b200000)]
  0x000000005c688800 JavaThread "NettyClientWorkerThread_3" daemon [_thread_blocked, id=25736, stack(0x000000006ac00000,0x000000006ad00000)]
  0x000000005c68a800 JavaThread "NettyClientWorkerThread_4" daemon [_thread_blocked, id=49156, stack(0x000000006ab00000,0x000000006ac00000)]
  0x000000005c689000 JavaThread "NettyClientWorkerThread_4" [_thread_blocked, id=9676, stack(0x000000006aa00000,0x000000006ab00000)]
  0x000000005c68a000 JavaThread "NettyClientWorkerThread_3" [_thread_blocked, id=45032, stack(0x000000006a900000,0x000000006aa00000)]
  0x000000005c686000 JavaThread "NettyClientWorkerThread_3" daemon [_thread_blocked, id=32084, stack(0x000000006a800000,0x000000006a900000)]
  0x000000005c687000 JavaThread "NettyClientWorkerThread_3" [_thread_blocked, id=31968, stack(0x000000006a700000,0x000000006a800000)]
  0x000000005c682800 JavaThread "NettyClientWorkerThread_2" [_thread_blocked, id=29336, stack(0x000000006a600000,0x000000006a700000)]
  0x000000005c684000 JavaThread "ConsumeMessageThread_ProjectApproval_MSG_3" [_thread_blocked, id=26356, stack(0x000000006a500000,0x000000006a600000)]
  0x000000005c685800 JavaThread "RibbonApacheHttpClientConfiguration.connectionManagerTimer" daemon [_thread_blocked, id=20004, stack(0x0000000068500000,0x0000000068600000)]
  0x000000005c683000 JavaThread "ConsumeMessageThread_ProjectAdd_MSG_1" [_thread_blocked, id=10604, stack(0x0000000068400000,0x0000000068500000)]
  0x000000005c684800 JavaThread "NettyClientPublicExecutor_32" daemon [_thread_blocked, id=15932, stack(0x000000006a400000,0x000000006a500000)]
  0x000000005c67f800 JavaThread "NettyClientPublicExecutor_31" daemon [_thread_blocked, id=36712, stack(0x000000006a300000,0x000000006a400000)]
  0x000000005c67e800 JavaThread "NettyClientPublicExecutor_30" daemon [_thread_blocked, id=26320, stack(0x000000006a200000,0x000000006a300000)]
  0x000000005c681800 JavaThread "NettyClientPublicExecutor_29" daemon [_thread_blocked, id=4736, stack(0x000000006a100000,0x000000006a200000)]
  0x000000005c67e000 JavaThread "NettyClientPublicExecutor_28" daemon [_thread_blocked, id=30544, stack(0x000000006a000000,0x000000006a100000)]
  0x000000005c680000 JavaThread "NettyClientPublicExecutor_27" daemon [_thread_blocked, id=31760, stack(0x0000000069f00000,0x000000006a000000)]
  0x000000005c681000 JavaThread "NettyClientPublicExecutor_26" daemon [_thread_blocked, id=30184, stack(0x0000000069e00000,0x0000000069f00000)]
  0x000000005c67b000 JavaThread "NettyClientPublicExecutor_25" daemon [_thread_blocked, id=40808, stack(0x0000000069d00000,0x0000000069e00000)]
  0x000000005c67d000 JavaThread "NettyClientPublicExecutor_24" daemon [_thread_blocked, id=20692, stack(0x0000000069c00000,0x0000000069d00000)]
  0x000000005c67b800 JavaThread "NettyClientPublicExecutor_23" daemon [_thread_blocked, id=47428, stack(0x0000000069b00000,0x0000000069c00000)]
  0x000000005c67c800 JavaThread "NettyClientPublicExecutor_22" daemon [_thread_blocked, id=36728, stack(0x0000000069a00000,0x0000000069b00000)]
  0x000000005c677000 JavaThread "NettyClientPublicExecutor_21" daemon [_thread_blocked, id=10252, stack(0x0000000069900000,0x0000000069a00000)]
  0x000000005c678800 JavaThread "NettyClientPublicExecutor_20" daemon [_thread_blocked, id=29204, stack(0x0000000069800000,0x0000000069900000)]
  0x000000005c678000 JavaThread "NettyClientPublicExecutor_19" daemon [_thread_blocked, id=12100, stack(0x0000000069700000,0x0000000069800000)]
  0x000000005c67a000 JavaThread "NettyClientPublicExecutor_18" daemon [_thread_blocked, id=4504, stack(0x0000000069600000,0x0000000069700000)]
  0x000000005c679800 JavaThread "NettyClientPublicExecutor_17" daemon [_thread_blocked, id=18892, stack(0x0000000069500000,0x0000000069600000)]
  0x000000005c673000 JavaThread "NettyClientPublicExecutor_16" daemon [_thread_blocked, id=17956, stack(0x0000000069400000,0x0000000069500000)]
  0x000000005c676800 JavaThread "NettyClientPublicExecutor_15" daemon [_thread_blocked, id=40420, stack(0x0000000069300000,0x0000000069400000)]
  0x000000005c674000 JavaThread "NettyClientPublicExecutor_14" daemon [_thread_blocked, id=37492, stack(0x0000000069200000,0x0000000069300000)]
  0x000000005c672800 JavaThread "NettyClientPublicExecutor_13" daemon [_thread_blocked, id=10372, stack(0x0000000069100000,0x0000000069200000)]
  0x000000005c674800 JavaThread "NettyClientPublicExecutor_12" daemon [_thread_blocked, id=20740, stack(0x0000000069000000,0x0000000069100000)]
  0x000000005c675800 JavaThread "NettyClientPublicExecutor_11" daemon [_thread_blocked, id=46512, stack(0x0000000068f00000,0x0000000069000000)]
  0x000000005c671800 JavaThread "NettyClientPublicExecutor_10" daemon [_thread_blocked, id=13612, stack(0x0000000068e00000,0x0000000068f00000)]
  0x000000005c66e000 JavaThread "NettyClientPublicExecutor_9" daemon [_thread_blocked, id=26404, stack(0x0000000068d00000,0x0000000068e00000)]
  0x000000005c671000 JavaThread "NettyClientPublicExecutor_8" daemon [_thread_blocked, id=20384, stack(0x0000000068c00000,0x0000000068d00000)]
  0x000000005c66d000 JavaThread "NettyClientPublicExecutor_7" daemon [_thread_blocked, id=22688, stack(0x0000000068b00000,0x0000000068c00000)]
  0x000000005c66f800 JavaThread "NettyClientPublicExecutor_6" daemon [_thread_blocked, id=5308, stack(0x0000000068a00000,0x0000000068b00000)]
  0x000000005c66e800 JavaThread "NettyClientPublicExecutor_5" daemon [_thread_blocked, id=47408, stack(0x0000000068900000,0x0000000068a00000)]
  0x000000005c670000 JavaThread "NettyClientPublicExecutor_4" daemon [_thread_blocked, id=46800, stack(0x0000000068800000,0x0000000068900000)]
  0x000000003b564000 JavaThread "NettyClientPublicExecutor_3" daemon [_thread_blocked, id=3196, stack(0x0000000068700000,0x0000000068800000)]
  0x000000003b563800 JavaThread "NettyClientPublicExecutor_2" daemon [_thread_blocked, id=26616, stack(0x0000000068600000,0x0000000068700000)]
  0x000000003b560800 JavaThread "ConsumeMessageThread_ProjectApproval_MSG_2" [_thread_blocked, id=11048, stack(0x0000000068300000,0x0000000068400000)]
  0x000000003b562800 JavaThread "PullMessageServiceScheduledThread" [_thread_blocked, id=29644, stack(0x0000000068200000,0x0000000068300000)]
  0x000000003b561000 JavaThread "NettyClientPublicExecutor_1" daemon [_thread_blocked, id=26040, stack(0x0000000068100000,0x0000000068200000)]
  0x000000003b55f800 JavaThread "NettyClientWorkerThread_2" daemon [_thread_blocked, id=11704, stack(0x0000000066ff0000,0x00000000670f0000)]
  0x000000003b562000 JavaThread "PollingServerListUpdater-1" daemon [_thread_blocked, id=11004, stack(0x0000000066ef0000,0x0000000066ff0000)]
  0x000000003b55b800 JavaThread "DataPublisher" daemon [_thread_blocked, id=43356, stack(0x0000000066df0000,0x0000000066ef0000)]
  0x000000003b55f000 JavaThread "PollingServerListUpdater-0" daemon [_thread_blocked, id=38848, stack(0x0000000066cf0000,0x0000000066df0000)]
  0x000000003b55e000 JavaThread "RibbonApacheHttpClientConfiguration.connectionManagerTimer" daemon [_thread_blocked, id=35784, stack(0x0000000066bf0000,0x0000000066cf0000)]
  0x000000003b55d800 JavaThread "ConsumeMessageThread_ProjectApproval_MSG_1" [_thread_blocked, id=44372, stack(0x00000000668f0000,0x00000000669f0000)]
  0x000000003b55c800 JavaThread "NettyClientPublicExecutor_32" daemon [_thread_blocked, id=39608, stack(0x00000000667f0000,0x00000000668f0000)]
  0x000000003b55b000 JavaThread "NettyClientPublicExecutor_31" daemon [_thread_blocked, id=7308, stack(0x00000000666f0000,0x00000000667f0000)]
  0x000000003b557000 JavaThread "NettyClientPublicExecutor_30" daemon [_thread_blocked, id=32844, stack(0x00000000665f0000,0x00000000666f0000)]
  0x000000003b559800 JavaThread "NettyClientPublicExecutor_29" daemon [_thread_blocked, id=23160, stack(0x00000000664f0000,0x00000000665f0000)]
  0x000000003b558800 JavaThread "NettyClientPublicExecutor_28" daemon [_thread_blocked, id=24124, stack(0x00000000663f0000,0x00000000664f0000)]
  0x000000003b55a000 JavaThread "NettyClientPublicExecutor_27" daemon [_thread_blocked, id=6616, stack(0x00000000662f0000,0x00000000663f0000)]
  0x000000003b555000 JavaThread "NettyClientPublicExecutor_26" daemon [_thread_blocked, id=20940, stack(0x00000000661f0000,0x00000000662f0000)]
  0x000000003b555800 JavaThread "NettyClientPublicExecutor_25" daemon [_thread_blocked, id=41092, stack(0x00000000660f0000,0x00000000661f0000)]
  0x000000003b556800 JavaThread "NettyClientPublicExecutor_24" daemon [_thread_blocked, id=17340, stack(0x0000000065ff0000,0x00000000660f0000)]
  0x000000003b558000 JavaThread "NettyClientPublicExecutor_23" daemon [_thread_blocked, id=4660, stack(0x0000000065ef0000,0x0000000065ff0000)]
  0x000000003b552800 JavaThread "NettyClientPublicExecutor_22" daemon [_thread_blocked, id=18260, stack(0x0000000065df0000,0x0000000065ef0000)]
  0x000000003b551000 JavaThread "NettyClientPublicExecutor_21" daemon [_thread_blocked, id=49904, stack(0x0000000065cf0000,0x0000000065df0000)]
  0x000000003b554000 JavaThread "NettyClientPublicExecutor_20" daemon [_thread_blocked, id=31476, stack(0x0000000065bf0000,0x0000000065cf0000)]
  0x000000003b553800 JavaThread "NettyClientPublicExecutor_19" daemon [_thread_blocked, id=24652, stack(0x0000000065af0000,0x0000000065bf0000)]
  0x000000003b54f000 JavaThread "NettyClientPublicExecutor_18" daemon [_thread_blocked, id=47340, stack(0x00000000659f0000,0x0000000065af0000)]
  0x000000003b54f800 JavaThread "NettyClientPublicExecutor_17" daemon [_thread_blocked, id=40460, stack(0x00000000658f0000,0x00000000659f0000)]
  0x000000003b550800 JavaThread "NettyClientPublicExecutor_16" daemon [_thread_blocked, id=32776, stack(0x00000000657f0000,0x00000000658f0000)]
  0x000000003b552000 JavaThread "NettyClientPublicExecutor_15" daemon [_thread_blocked, id=21904, stack(0x00000000656f0000,0x00000000657f0000)]
  0x000000003b54c800 JavaThread "NettyClientPublicExecutor_14" daemon [_thread_blocked, id=25112, stack(0x00000000655f0000,0x00000000656f0000)]
  0x000000003b54b000 JavaThread "NettyClientPublicExecutor_13" daemon [_thread_blocked, id=15928, stack(0x00000000654f0000,0x00000000655f0000)]
  0x000000003b54c000 JavaThread "NettyClientPublicExecutor_12" daemon [_thread_blocked, id=45140, stack(0x00000000653f0000,0x00000000654f0000)]
  0x000000003b54d800 JavaThread "NettyClientPublicExecutor_11" daemon [_thread_blocked, id=37236, stack(0x00000000652f0000,0x00000000653f0000)]
  0x000000003b54e000 JavaThread "NettyClientPublicExecutor_10" daemon [_thread_blocked, id=24508, stack(0x00000000651f0000,0x00000000652f0000)]
  0x000000003b54a800 JavaThread "NettyClientPublicExecutor_9" daemon [_thread_blocked, id=22524, stack(0x00000000650f0000,0x00000000651f0000)]
  0x000000003b549800 JavaThread "NettyClientPublicExecutor_8" daemon [_thread_blocked, id=47872, stack(0x0000000064ff0000,0x00000000650f0000)]
  0x000000003b546000 JavaThread "NettyClientPublicExecutor_7" daemon [_thread_blocked, id=10076, stack(0x0000000064ef0000,0x0000000064ff0000)]
  0x000000003b549000 JavaThread "NettyClientPublicExecutor_6" daemon [_thread_blocked, id=12464, stack(0x0000000064df0000,0x0000000064ef0000)]
  0x000000003b547800 JavaThread "NettyClientPublicExecutor_5" daemon [_thread_blocked, id=28988, stack(0x0000000064cf0000,0x0000000064df0000)]
  0x000000003b548000 JavaThread "NettyClientPublicExecutor_4" daemon [_thread_blocked, id=12904, stack(0x0000000064bf0000,0x0000000064cf0000)]
  0x000000003b545000 JavaThread "NettyClientPublicExecutor_3" daemon [_thread_blocked, id=43096, stack(0x0000000064af0000,0x0000000064bf0000)]
  0x000000003b546800 JavaThread "NettyClientPublicExecutor_2" daemon [_thread_blocked, id=7148, stack(0x00000000649f0000,0x0000000064af0000)]
  0x000000003b5f1000 JavaThread "PullMessageServiceScheduledThread" [_thread_blocked, id=16660, stack(0x00000000648f0000,0x00000000649f0000)]
  0x000000002709c000 JavaThread "NettyClientPublicExecutor_1" daemon [_thread_blocked, id=31292, stack(0x00000000647f0000,0x00000000648f0000)]
  0x000000005c447800 JavaThread "NettyClientWorkerThread_2" daemon [_thread_blocked, id=14764, stack(0x00000000636e0000,0x00000000637e0000)]
  0x000000003b961000 JavaThread "Keep-Alive-Timer" daemon [_thread_blocked, id=13904, stack(0x000000005d4d0000,0x000000005d5d0000)]
  0x000000003b5f3000 JavaThread "logback-8" daemon [_thread_blocked, id=39640, stack(0x00000000635e0000,0x00000000636e0000)]
  0x000000003b5f4000 JavaThread "logback-7" daemon [_thread_blocked, id=36928, stack(0x00000000448c0000,0x00000000449c0000)]
  0x000000003b5f2800 JavaThread "logback-6" daemon [_thread_blocked, id=50052, stack(0x00000000634e0000,0x00000000635e0000)]
  0x000000003b5f1800 JavaThread "com.alibaba.nacos.client.naming.updater" daemon [_thread_blocked, id=37572, stack(0x00000000633e0000,0x00000000634e0000)]
  0x000000003b5ed000 JavaThread "com.alibaba.nacos.client.naming.updater" daemon [_thread_blocked, id=41552, stack(0x00000000632e0000,0x00000000633e0000)]
  0x000000003b5f0000 JavaThread "com.alibaba.nacos.client.naming.updater" daemon [_thread_blocked, id=44604, stack(0x00000000631e0000,0x00000000632e0000)]
  0x000000003b5ee800 JavaThread "logback-5" daemon [_thread_blocked, id=28020, stack(0x00000000630e0000,0x00000000631e0000)]
  0x000000003b5ec800 JavaThread "com.alibaba.nacos.client.naming.updater" daemon [_thread_blocked, id=29432, stack(0x0000000062fe0000,0x00000000630e0000)]
  0x000000003b5ee000 JavaThread "com.alibaba.nacos.client.naming.updater" daemon [_thread_blocked, id=49676, stack(0x0000000062ee0000,0x0000000062fe0000)]
  0x000000003b5ef800 JavaThread "com.alibaba.nacos.client.naming.updater" daemon [_thread_blocked, id=24972, stack(0x00000000447c0000,0x00000000448c0000)]
  0x000000003b5eb800 JavaThread "logback-4" daemon [_thread_blocked, id=36740, stack(0x000000005ebd0000,0x000000005ecd0000)]
  0x000000003b5e9800 JavaThread "com.alibaba.nacos.client.naming.updater" daemon [_thread_blocked, id=17428, stack(0x0000000031a10000,0x0000000031b10000)]
  0x000000003b5eb000 JavaThread "com.alibaba.nacos.naming.beat.sender" daemon [_thread_blocked, id=34136, stack(0x0000000062de0000,0x0000000062ee0000)]
  0x000000003b5e8800 JavaThread "com.alibaba.nacos.client.naming.updater" daemon [_thread_blocked, id=20328, stack(0x00000000262d0000,0x00000000263d0000)]
  0x000000003b5ea000 JavaThread "com.alibaba.nacos.naming.beat.sender" daemon [_thread_blocked, id=9544, stack(0x0000000062ce0000,0x0000000062de0000)]
  0x000000003b5e7000 JavaThread "com.alibaba.nacos.naming.beat.sender" daemon [_thread_blocked, id=17832, stack(0x000000005f2d0000,0x000000005f3d0000)]
  0x000000003b5e8000 JavaThread "com.alibaba.nacos.client.naming.updater" daemon [_thread_blocked, id=49396, stack(0x0000000062be0000,0x0000000062ce0000)]
  0x000000003b5e3800 JavaThread "com.alibaba.nacos.naming.beat.sender" daemon [_thread_blocked, id=22556, stack(0x0000000062ae0000,0x0000000062be0000)]
  0x000000003b5e5800 JavaThread "logback-3" daemon [_thread_blocked, id=5700, stack(0x00000000629e0000,0x0000000062ae0000)]
  0x000000003b5e6800 JavaThread "com.alibaba.nacos.naming.beat.sender" daemon [_thread_blocked, id=36948, stack(0x00000000628e0000,0x00000000629e0000)]
  0x000000003b5e5000 JavaThread "com.alibaba.nacos.client.naming.updater" daemon [_thread_blocked, id=33652, stack(0x00000000627e0000,0x00000000628e0000)]
  0x000000003b5e4000 JavaThread "com.alibaba.nacos.naming.beat.sender" daemon [_thread_blocked, id=47640, stack(0x00000000013a0000,0x00000000014a0000)]
  0x000000003b5e0800 JavaThread "com.alibaba.nacos.naming.beat.sender" daemon [_thread_blocked, id=26684, stack(0x00000000626e0000,0x00000000627e0000)]
  0x000000003b5df800 JavaThread "com.alibaba.nacos.client.naming.updater" daemon [_thread_blocked, id=3976, stack(0x00000000625e0000,0x00000000626e0000)]
  0x000000003b5e2000 JavaThread "com.alibaba.nacos.naming.beat.sender" daemon [_thread_blocked, id=48216, stack(0x00000000624e0000,0x00000000625e0000)]
  0x000000003b5e2800 JavaThread "com.alibaba.nacos.naming.beat.sender" daemon [_thread_blocked, id=43120, stack(0x00000000623e0000,0x00000000624e0000)]
  0x000000003b5e1000 JavaThread "com.alibaba.nacos.client.naming.updater" daemon [_thread_blocked, id=37124, stack(0x00000000622e0000,0x00000000623e0000)]
  0x000000003b5dc000 JavaThread "com.alibaba.nacos.naming.beat.sender" daemon [_thread_blocked, id=31084, stack(0x00000000621e0000,0x00000000622e0000)]
  0x000000003b5df000 JavaThread "logback-2" daemon [_thread_blocked, id=49484, stack(0x00000000620e0000,0x00000000621e0000)]
  0x000000003b5de000 JavaThread "com.alibaba.nacos.naming.beat.sender" daemon [_thread_blocked, id=15220, stack(0x0000000061fe0000,0x00000000620e0000)]
  0x000000003b5da800 JavaThread "com.alibaba.nacos.client.naming.updater" daemon [_thread_blocked, id=5372, stack(0x0000000061ee0000,0x0000000061fe0000)]
  0x000000003b5db000 JavaThread "com.alibaba.nacos.naming.beat.sender" daemon [_thread_blocked, id=27468, stack(0x0000000061de0000,0x0000000061ee0000)]
  0x000000003b5dd800 JavaThread "NettyClientPublicExecutor_32" [_thread_blocked, id=15228, stack(0x0000000061ce0000,0x0000000061de0000)]
  0x000000003b5dc800 JavaThread "NettyClientPublicExecutor_31" [_thread_blocked, id=24004, stack(0x0000000061be0000,0x0000000061ce0000)]
  0x000000003b5d6800 JavaThread "NettyClientPublicExecutor_30" [_thread_blocked, id=40180, stack(0x0000000061ae0000,0x0000000061be0000)]
  0x000000003b5d9800 JavaThread "NettyClientPublicExecutor_29" [_thread_blocked, id=35704, stack(0x00000000619e0000,0x0000000061ae0000)]
  0x000000003b5d8000 JavaThread "NettyClientPublicExecutor_28" [_thread_blocked, id=6688, stack(0x00000000618e0000,0x00000000619e0000)]
  0x000000003b5d7800 JavaThread "NettyClientPublicExecutor_27" [_thread_blocked, id=24108, stack(0x00000000617e0000,0x00000000618e0000)]
  0x000000003b5d9000 JavaThread "NettyClientPublicExecutor_26" [_thread_blocked, id=20392, stack(0x00000000616e0000,0x00000000617e0000)]
  0x000000003b5d6000 JavaThread "NettyClientPublicExecutor_25" [_thread_blocked, id=32648, stack(0x00000000615e0000,0x00000000616e0000)]
  0x000000003b5d5000 JavaThread "NettyClientPublicExecutor_24" [_thread_blocked, id=31920, stack(0x00000000614e0000,0x00000000615e0000)]
  0x000000005c453800 JavaThread "NettyClientPublicExecutor_23" [_thread_blocked, id=28288, stack(0x00000000613e0000,0x00000000614e0000)]
  0x000000005c452800 JavaThread "NettyClientPublicExecutor_22" [_thread_blocked, id=36752, stack(0x00000000612e0000,0x00000000613e0000)]
  0x000000005c44f000 JavaThread "NettyClientPublicExecutor_21" [_thread_blocked, id=25336, stack(0x00000000611e0000,0x00000000612e0000)]
  0x000000005c452000 JavaThread "NettyClientPublicExecutor_20" [_thread_blocked, id=2928, stack(0x00000000012a0000,0x00000000013a0000)]
  0x000000005c44e000 JavaThread "NettyClientPublicExecutor_19" [_thread_blocked, id=22936, stack(0x00000000011a0000,0x00000000012a0000)]
  0x000000005c451000 JavaThread "com.alibaba.nacos.naming.beat.sender" daemon [_thread_blocked, id=22188, stack(0x00000000610e0000,0x00000000611e0000)]
  0x000000005c44d800 JavaThread "com.alibaba.nacos.client.naming.updater" daemon [_thread_blocked, id=24724, stack(0x0000000060fe0000,0x00000000610e0000)]
  0x000000005c450800 JavaThread "com.alibaba.nacos.naming.beat.sender" daemon [_thread_blocked, id=21988, stack(0x0000000060ee0000,0x0000000060fe0000)]
  0x000000005c44f800 JavaThread "com.alibaba.nacos.naming.beat.sender" daemon [_thread_blocked, id=13152, stack(0x0000000060de0000,0x0000000060ee0000)]
  0x000000005c44c800 JavaThread "NettyClientScan_thread_4" daemon [_thread_blocked, id=9492, stack(0x0000000060ce0000,0x0000000060de0000)]
  0x000000005c446800 JavaThread "NettyClientScan_thread_4" daemon [_thread_blocked, id=47096, stack(0x000000005ecd0000,0x000000005edd0000)]
  0x000000005c449000 JavaThread "lettuce-eventExecutorLoop-1-3" daemon [_thread_blocked, id=14272, stack(0x0000000060be0000,0x0000000060ce0000)]
  0x000000005c44a800 JavaThread "SimplePauseDetectorThread_2" daemon [_thread_blocked, id=7564, stack(0x0000000060ae0000,0x0000000060be0000)]
  0x000000005c449800 JavaThread "SimplePauseDetectorThread_1" daemon [_thread_blocked, id=43780, stack(0x00000000609e0000,0x0000000060ae0000)]
  0x000000005c44c000 JavaThread "SimplePauseDetectorThread_0" daemon [_thread_blocked, id=19624, stack(0x00000000608e0000,0x00000000609e0000)]
  0x000000005c44b000 JavaThread "Thread-122" daemon [_thread_blocked, id=33824, stack(0x00000000607e0000,0x00000000608e0000)]
  0x000000005c445000 JavaThread "lettuce-eventExecutorLoop-1-2" daemon [_thread_blocked, id=45616, stack(0x00000000606e0000,0x00000000607e0000)]
  0x000000005c448000 JavaThread "lettuce-nioEventLoop-4-1" daemon [_thread_in_native, id=13456, stack(0x000000005f3d0000,0x000000005f4d0000)]
  0x000000005c444800 JavaThread "boundedElastic-evictor-1" daemon [_thread_blocked, id=12588, stack(0x000000005edd0000,0x000000005eed0000)]
  0x000000003b964000 JavaThread "NettyClientScan_thread_3" daemon [_thread_blocked, id=17196, stack(0x000000005ead0000,0x000000005ebd0000)]
  0x000000003b960800 JavaThread "NettyClientScan_thread_4" daemon [_thread_blocked, id=37588, stack(0x000000005e9d0000,0x000000005ead0000)]
  0x000000003b963800 JavaThread "DestroyJavaVM" [_thread_blocked, id=36136, stack(0x0000000003360000,0x0000000003460000)]
  0x000000003b962800 JavaThread "com.alibaba.nacos.client.naming.updater" daemon [_thread_blocked, id=46496, stack(0x000000005e8d0000,0x000000005e9d0000)]
  0x000000003b962000 JavaThread "NettyClientScan_thread_4" daemon [_thread_blocked, id=20076, stack(0x000000005e7d0000,0x000000005e8d0000)]
  0x000000003b95f800 JavaThread "com.alibaba.nacos.naming.beat.sender" daemon [_thread_blocked, id=5496, stack(0x000000005e6d0000,0x000000005e7d0000)]
  0x000000003b95b000 JavaThread "http-nio-9006-Acceptor" daemon [_thread_in_native, id=48416, stack(0x000000005e5d0000,0x000000005e6d0000)]
  0x000000003b957800 JavaThread "http-nio-9006-ClientPoller" daemon [_thread_blocked, id=45580, stack(0x000000005dad0000,0x000000005dbd0000)]
  0x000000003b95e000 JavaThread "http-nio-9006-exec-10" daemon [_thread_blocked, id=34688, stack(0x000000005e4d0000,0x000000005e5d0000)]
  0x000000003b95d800 JavaThread "http-nio-9006-exec-9" daemon [_thread_blocked, id=32148, stack(0x000000005e3d0000,0x000000005e4d0000)]
  0x000000003b959800 JavaThread "http-nio-9006-exec-8" daemon [_thread_blocked, id=44500, stack(0x000000005e2d0000,0x000000005e3d0000)]
  0x000000003b95c800 JavaThread "http-nio-9006-exec-7" daemon [_thread_blocked, id=19536, stack(0x000000005e1d0000,0x000000005e2d0000)]
  0x000000003b95c000 JavaThread "http-nio-9006-exec-6" daemon [_thread_blocked, id=34080, stack(0x000000005e0d0000,0x000000005e1d0000)]
  0x000000003b95a800 JavaThread "http-nio-9006-exec-5" daemon [_thread_blocked, id=9856, stack(0x000000005dfd0000,0x000000005e0d0000)]
  0x000000003b956000 JavaThread "http-nio-9006-exec-4" daemon [_thread_blocked, id=13508, stack(0x000000005ded0000,0x000000005dfd0000)]
  0x000000003b959000 JavaThread "http-nio-9006-exec-3" daemon [_thread_blocked, id=33200, stack(0x000000005ddd0000,0x000000005ded0000)]
  0x000000003b955000 JavaThread "http-nio-9006-exec-2" daemon [_thread_blocked, id=16312, stack(0x000000005dcd0000,0x000000005ddd0000)]
  0x000000003b958000 JavaThread "http-nio-9006-exec-1" daemon [_thread_blocked, id=8824, stack(0x000000005dbd0000,0x000000005dcd0000)]
  0x000000003b956800 JavaThread "http-nio-9006-BlockPoller" daemon [_thread_blocked, id=9432, stack(0x000000005d9d0000,0x000000005dad0000)]
  0x000000003b951800 JavaThread "Nacos-Watch-Task-Scheduler-1" [_thread_blocked, id=28604, stack(0x000000005d8d0000,0x000000005d9d0000)]
  0x000000003b954800 JavaThread "com.alibaba.nacos.client.naming.updater" daemon [_thread_blocked, id=35732, stack(0x000000005d7d0000,0x000000005d8d0000)]
  0x000000003b952000 JavaThread "com.alibaba.nacos.client.identify.watcher.0" daemon [_thread_blocked, id=45268, stack(0x000000005d3d0000,0x000000005d4d0000)]
  0x000000003b953000 JavaThread "NettyClientScan_thread_3" daemon [_thread_blocked, id=17112, stack(0x000000005d2d0000,0x000000005d3d0000)]
  0x000000003b94e800 JavaThread "NettyClientPublicExecutor_18" [_thread_blocked, id=47008, stack(0x000000005c000000,0x000000005c100000)]
  0x000000003b94d800 JavaThread "NettyClientPublicExecutor_17" [_thread_blocked, id=13204, stack(0x000000005bf00000,0x000000005c000000)]
  0x000000003b950000 JavaThread "NettyClientPublicExecutor_16" [_thread_blocked, id=3436, stack(0x000000005be00000,0x000000005bf00000)]
  0x000000003b950800 JavaThread "NettyClientPublicExecutor_15" [_thread_blocked, id=22064, stack(0x000000005bd00000,0x000000005be00000)]
  0x000000003b94d000 JavaThread "NettyClientPublicExecutor_14" [_thread_blocked, id=18660, stack(0x000000005bc00000,0x000000005bd00000)]
  0x000000003b94f000 JavaThread "NettyClientPublicExecutor_13" [_thread_blocked, id=14868, stack(0x000000005bb00000,0x000000005bc00000)]
  0x000000003b949000 JavaThread "NettyClientPublicExecutor_12" [_thread_blocked, id=22380, stack(0x000000005ba00000,0x000000005bb00000)]
  0x000000003b94b800 JavaThread "NettyClientPublicExecutor_11" [_thread_blocked, id=49448, stack(0x000000005b900000,0x000000005ba00000)]
  0x000000003b94c000 JavaThread "NettyClientPublicExecutor_10" [_thread_blocked, id=21396, stack(0x000000005b800000,0x000000005b900000)]
  0x000000003b94a800 JavaThread "NettyClientPublicExecutor_9" [_thread_blocked, id=21448, stack(0x000000005b700000,0x000000005b800000)]
  0x000000003b94a000 JavaThread "NettyClientPublicExecutor_8" [_thread_blocked, id=3932, stack(0x000000005b600000,0x000000005b700000)]
  0x000000003b945800 JavaThread "NettyClientPublicExecutor_7" [_thread_blocked, id=42752, stack(0x000000005b500000,0x000000005b600000)]
  0x000000003b947800 JavaThread "NettyClientScan_thread_4" daemon [_thread_blocked, id=43860, stack(0x000000005b400000,0x000000005b500000)]
  0x000000003b947000 JavaThread "NettyClientPublicExecutor_6" [_thread_blocked, id=39540, stack(0x000000005b300000,0x000000005b400000)]
  0x000000003b946000 JavaThread "NettyClientPublicExecutor_5" [_thread_blocked, id=21776, stack(0x000000005b200000,0x000000005b300000)]
  0x000000003b948800 JavaThread "NettyClientPublicExecutor_4" [_thread_blocked, id=26032, stack(0x000000005b100000,0x000000005b200000)]
  0x000000003aff6000 JavaThread "NettyClientPublicExecutor_3" [_thread_blocked, id=41756, stack(0x000000005b000000,0x000000005b100000)]
  0x000000003aff3000 JavaThread "NettyClientPublicExecutor_2" [_thread_blocked, id=8172, stack(0x000000005af00000,0x000000005b000000)]
  0x000000003aff5800 JavaThread "NettyClientScan_thread_2" daemon [_thread_blocked, id=28684, stack(0x000000005ae00000,0x000000005af00000)]
  0x000000003aff1800 JavaThread "NettyClientScan_thread_3" daemon [_thread_blocked, id=37700, stack(0x000000005ad00000,0x000000005ae00000)]
  0x000000003aff2800 JavaThread "nacos.publisher-com.alibaba.nacos.client.naming.event.InstancesChangeEvent" daemon [_thread_blocked, id=36180, stack(0x000000005aa00000,0x000000005ab00000)]
  0x000000003aff4800 JavaThread "nacos.publisher-com.alibaba.nacos.common.notify.SlowEvent" daemon [_thread_blocked, id=47460, stack(0x000000005a900000,0x000000005aa00000)]
  0x000000003aff4000 JavaThread "com.alibaba.nacos.naming.push.receiver" daemon [_thread_in_native, id=32816, stack(0x000000005a800000,0x000000005a900000)]
  0x000000003afee000 JavaThread "com.alibaba.nacos.naming.failover" daemon [_thread_blocked, id=30424, stack(0x000000005a700000,0x000000005a800000)]
  0x000000003aff1000 JavaThread "com.alibaba.nacos.client.naming.updater" daemon [_thread_blocked, id=17932, stack(0x000000005a600000,0x000000005a700000)]
  0x000000003afed000 JavaThread "com.alibaba.nacos.client.naming.updater" daemon [_thread_blocked, id=46540, stack(0x000000005a500000,0x000000005a600000)]
  0x000000003afee800 JavaThread "logback-1" daemon [_thread_blocked, id=47308, stack(0x000000005a400000,0x000000005a500000)]
  0x000000003aff0000 JavaThread "spring.cloud.inetutils" daemon [_thread_blocked, id=23864, stack(0x000000005a300000,0x000000005a400000)]
  0x000000003afec800 JavaThread "NettyClientScan_thread_4" daemon [_thread_blocked, id=16164, stack(0x000000005a200000,0x000000005a300000)]
  0x000000003afef800 JavaThread "NettyClientScan_thread_3" daemon [_thread_blocked, id=292, stack(0x000000005a100000,0x000000005a200000)]
  0x000000003afe8800 JavaThread "NettyClientScan_thread_2" daemon [_thread_blocked, id=27600, stack(0x0000000059e00000,0x0000000059f00000)]
  0x000000003afeb800 JavaThread "I/O dispatcher 32" [_thread_blocked, id=46528, stack(0x0000000059900000,0x0000000059a00000)]
  0x000000003afe8000 JavaThread "I/O dispatcher 31" [_thread_blocked, id=9656, stack(0x0000000059800000,0x0000000059900000)]
  0x000000003afe9800 JavaThread "I/O dispatcher 30" [_thread_blocked, id=17768, stack(0x0000000059700000,0x0000000059800000)]
  0x000000003afea000 JavaThread "I/O dispatcher 29" [_thread_blocked, id=33032, stack(0x0000000059600000,0x0000000059700000)]
  0x000000003afeb000 JavaThread "I/O dispatcher 28" [_thread_blocked, id=47896, stack(0x0000000059500000,0x0000000059600000)]
  0x000000003afe4000 JavaThread "I/O dispatcher 27" [_thread_blocked, id=27128, stack(0x0000000059400000,0x0000000059500000)]
  0x000000003afe7000 JavaThread "I/O dispatcher 26" [_thread_blocked, id=46768, stack(0x0000000059300000,0x0000000059400000)]
  0x000000003afe3800 JavaThread "I/O dispatcher 25" [_thread_blocked, id=30896, stack(0x0000000059200000,0x0000000059300000)]
  0x000000003afe6800 JavaThread "I/O dispatcher 24" [_thread_blocked, id=44956, stack(0x0000000059100000,0x0000000059200000)]
  0x000000003afe5800 JavaThread "I/O dispatcher 23" [_thread_blocked, id=47684, stack(0x0000000059000000,0x0000000059100000)]
  0x000000003afe2800 JavaThread "I/O dispatcher 22" [_thread_blocked, id=45224, stack(0x0000000058cd0000,0x0000000058dd0000)]
  0x000000003afe5000 JavaThread "I/O dispatcher 21" [_thread_blocked, id=44216, stack(0x0000000058bd0000,0x0000000058cd0000)]
  0x000000003afdf000 JavaThread "I/O dispatcher 20" [_thread_blocked, id=24236, stack(0x0000000058ad0000,0x0000000058bd0000)]
  0x000000003afdf800 JavaThread "I/O dispatcher 19" [_thread_blocked, id=31724, stack(0x00000000589d0000,0x0000000058ad0000)]
  0x000000003afe2000 JavaThread "I/O dispatcher 18" [_thread_blocked, id=37356, stack(0x00000000588d0000,0x00000000589d0000)]
  0x000000003afde000 JavaThread "I/O dispatcher 17" [_thread_blocked, id=47924, stack(0x00000000587d0000,0x00000000588d0000)]
  0x000000003afe1000 JavaThread "I/O dispatcher 16" [_thread_blocked, id=23232, stack(0x00000000586d0000,0x00000000587d0000)]
  0x000000003afe0800 JavaThread "I/O dispatcher 15" [_thread_blocked, id=43372, stack(0x00000000585d0000,0x00000000586d0000)]
  0x000000003afdc000 JavaThread "I/O dispatcher 14" [_thread_blocked, id=16024, stack(0x00000000584d0000,0x00000000585d0000)]
  0x000000003afdd800 JavaThread "I/O dispatcher 13" [_thread_blocked, id=44620, stack(0x00000000583d0000,0x00000000584d0000)]
  0x000000003afdc800 JavaThread "I/O dispatcher 12" [_thread_blocked, id=34840, stack(0x00000000582d0000,0x00000000583d0000)]
  0x000000003afd8000 JavaThread "I/O dispatcher 11" [_thread_blocked, id=40728, stack(0x00000000581d0000,0x00000000582d0000)]
  0x000000003afdb000 JavaThread "I/O dispatcher 10" [_thread_blocked, id=34184, stack(0x00000000580d0000,0x00000000581d0000)]
  0x000000003afd7800 JavaThread "I/O dispatcher 9" [_thread_blocked, id=16156, stack(0x0000000057fd0000,0x00000000580d0000)]
  0x000000003afda800 JavaThread "I/O dispatcher 8" [_thread_blocked, id=15244, stack(0x0000000057ed0000,0x0000000057fd0000)]
  0x000000003afd9800 JavaThread "I/O dispatcher 7" [_thread_blocked, id=20340, stack(0x0000000057dd0000,0x0000000057ed0000)]
  0x000000003afd9000 JavaThread "I/O dispatcher 6" [_thread_blocked, id=39396, stack(0x0000000057cd0000,0x0000000057dd0000)]
  0x000000003ac76000 JavaThread "I/O dispatcher 5" [_thread_blocked, id=31492, stack(0x0000000057bd0000,0x0000000057cd0000)]
  0x000000003ac75800 JavaThread "I/O dispatcher 4" [_thread_blocked, id=15436, stack(0x0000000057ad0000,0x0000000057bd0000)]
  0x000000003ac77000 JavaThread "I/O dispatcher 3" [_thread_blocked, id=46936, stack(0x00000000579d0000,0x0000000057ad0000)]
  0x000000003ac71800 JavaThread "I/O dispatcher 2" [_thread_blocked, id=3784, stack(0x00000000578d0000,0x00000000579d0000)]
  0x000000003ac74800 JavaThread "I/O dispatcher 1" [_thread_blocked, id=30576, stack(0x00000000577d0000,0x00000000578d0000)]
  0x000000003ac72800 JavaThread "pool-2-thread-1" [_thread_blocked, id=37364, stack(0x00000000576d0000,0x00000000577d0000)]
  0x000000003ac73000 JavaThread "NettyClientScan_thread_4" daemon [_thread_blocked, id=46896, stack(0x00000000573d0000,0x00000000574d0000)]
  0x000000003ac74000 JavaThread "NettyClientScan_thread_3" daemon [_thread_blocked, id=45296, stack(0x00000000572d0000,0x00000000573d0000)]
  0x000000003ac6f800 JavaThread "NettyClientWorkerThread_1" daemon [_thread_blocked, id=44984, stack(0x00000000551b0000,0x00000000552b0000)]
  0x000000003ac70000 JavaThread "NettyClientSelector_1" daemon [_thread_in_native, id=8748, stack(0x00000000550b0000,0x00000000551b0000)]
  0x000000003ac71000 JavaThread "NettyClientScan_thread_1" daemon [_thread_blocked, id=9888, stack(0x0000000054fb0000,0x00000000550b0000)]
  0x000000003ac6e800 JavaThread "RebalanceService" [_thread_blocked, id=10480, stack(0x0000000054eb0000,0x0000000054fb0000)]
  0x000000003ac6a800 JavaThread "PullMessageService" [_thread_blocked, id=31948, stack(0x0000000054db0000,0x0000000054eb0000)]
  0x000000003ac6e000 JavaThread "MQClientFactoryScheduledThread" [_thread_blocked, id=39776, stack(0x0000000054cb0000,0x0000000054db0000)]
  0x000000003ac6d000 JavaThread "NettyClientScan_thread_2" daemon [_thread_blocked, id=49496, stack(0x0000000054bb0000,0x0000000054cb0000)]
  0x000000003ac69000 JavaThread "ClientHouseKeepingService" daemon [_thread_blocked, id=12300, stack(0x0000000054ab0000,0x0000000054bb0000)]
  0x000000003ac6c800 JavaThread "NettyClientScan_thread_4" daemon [_thread_blocked, id=3820, stack(0x00000000549b0000,0x0000000054ab0000)]
  0x000000003ac6a000 JavaThread "NettyClientScan_thread_3" daemon [_thread_blocked, id=13864, stack(0x00000000548b0000,0x00000000549b0000)]
  0x000000003ac6b800 JavaThread "NettyClientScan_thread_2" daemon [_thread_blocked, id=46576, stack(0x00000000547b0000,0x00000000548b0000)]
  0x000000003ac68800 JavaThread "NettyClientWorkerThread_1" [_thread_blocked, id=8812, stack(0x0000000052480000,0x0000000052580000)]
  0x000000003ac67800 JavaThread "NettyClientSelector_1" [_thread_in_native, id=38192, stack(0x0000000052380000,0x0000000052480000)]
  0x0000000027da7000 JavaThread "NettyClientScan_thread_1" daemon [_thread_blocked, id=12948, stack(0x0000000052280000,0x0000000052380000)]
  0x0000000027da6800 JavaThread "RebalanceService" [_thread_blocked, id=29384, stack(0x0000000052180000,0x0000000052280000)]
  0x0000000027da5000 JavaThread "PullMessageService" [_thread_blocked, id=7936, stack(0x0000000052080000,0x0000000052180000)]
  0x0000000027da3800 JavaThread "CleanExpireMsgScheduledThread_1" [_thread_blocked, id=23564, stack(0x0000000051f80000,0x0000000052080000)]
  0x0000000027da5800 JavaThread "MQClientFactoryScheduledThread" [_thread_blocked, id=46892, stack(0x0000000051e80000,0x0000000051f80000)]
  0x0000000027da2000 JavaThread "ClientHouseKeepingService" daemon [_thread_blocked, id=45932, stack(0x0000000051d80000,0x0000000051e80000)]
  0x0000000027da2800 JavaThread "NettyClientScan_thread_3" daemon [_thread_blocked, id=41580, stack(0x0000000051c80000,0x0000000051d80000)]
  0x0000000027da4000 JavaThread "NettyClientScan_thread_2" daemon [_thread_blocked, id=48496, stack(0x0000000051b80000,0x0000000051c80000)]
  0x0000000027da1000 JavaThread "NettyClientWorkerThread_1" [_thread_blocked, id=30020, stack(0x000000004fa60000,0x000000004fb60000)]
  0x0000000027d9d000 JavaThread "NettyClientSelector_1" [_thread_in_native, id=18992, stack(0x000000004f960000,0x000000004fa60000)]
  0x0000000027da0800 JavaThread "NettyClientScan_thread_1" daemon [_thread_blocked, id=22192, stack(0x000000004f860000,0x000000004f960000)]
  0x0000000027d9c800 JavaThread "RebalanceService" [_thread_blocked, id=49852, stack(0x000000004f760000,0x000000004f860000)]
  0x0000000027d9f800 JavaThread "PullMessageService" [_thread_blocked, id=26080, stack(0x000000004f660000,0x000000004f760000)]
  0x0000000027d9b800 JavaThread "CleanExpireMsgScheduledThread_1" [_thread_blocked, id=49856, stack(0x000000004f560000,0x000000004f660000)]
  0x0000000027d9e000 JavaThread "MQClientFactoryScheduledThread" [_thread_blocked, id=25372, stack(0x000000004f460000,0x000000004f560000)]
  0x0000000027d9e800 JavaThread "ClientHouseKeepingService" daemon [_thread_blocked, id=46612, stack(0x000000004f360000,0x000000004f460000)]
  0x0000000027d98000 JavaThread "NettyClientScan_thread_3" daemon [_thread_blocked, id=25960, stack(0x000000004f260000,0x000000004f360000)]
  0x0000000027d9b000 JavaThread "NettyClientScan_thread_4" daemon [_thread_blocked, id=10852, stack(0x000000004f160000,0x000000004f260000)]
  0x0000000027d9a000 JavaThread "NettyClientScan_thread_2" daemon [_thread_blocked, id=34748, stack(0x000000004f060000,0x000000004f160000)]
  0x0000000027d98800 JavaThread "NettyClientWorkerThread_1" [_thread_blocked, id=37332, stack(0x000000004cf30000,0x000000004d030000)]
  0x0000000027d99800 JavaThread "NettyClientSelector_1" [_thread_in_native, id=50060, stack(0x000000004ce30000,0x000000004cf30000)]
  0x000000003af54000 JavaThread "NettyClientScan_thread_1" daemon [_thread_blocked, id=45432, stack(0x000000004cd30000,0x000000004ce30000)]
  0x000000003af55000 JavaThread "RebalanceService" [_thread_blocked, id=4036, stack(0x000000004cc30000,0x000000004cd30000)]
  0x000000003af53800 JavaThread "PullMessageService" [_thread_blocked, id=31644, stack(0x000000004cb30000,0x000000004cc30000)]
  0x000000003af4f800 JavaThread "CleanExpireMsgScheduledThread_1" [_thread_blocked, id=11788, stack(0x000000004ca30000,0x000000004cb30000)]
  0x000000003af52800 JavaThread "MQClientFactoryScheduledThread" [_thread_blocked, id=7468, stack(0x000000004c930000,0x000000004ca30000)]
  0x000000003af51000 JavaThread "ClientHouseKeepingService" daemon [_thread_blocked, id=44728, stack(0x000000004c830000,0x000000004c930000)]
  0x000000003af50000 JavaThread "NettyClientScan_thread_4" daemon [_thread_blocked, id=24016, stack(0x000000004c730000,0x000000004c830000)]
  0x000000003af52000 JavaThread "NettyClientScan_thread_2" daemon [_thread_blocked, id=43900, stack(0x000000004c630000,0x000000004c730000)]
  0x000000003af4d000 JavaThread "NettyClientWorkerThread_1" [_thread_blocked, id=22164, stack(0x000000004a510000,0x000000004a610000)]
  0x000000003af4e800 JavaThread "NettyClientSelector_1" [_thread_in_native, id=13304, stack(0x000000004a410000,0x000000004a510000)]
  0x000000003af4e000 JavaThread "NettyClientScan_thread_1" daemon [_thread_blocked, id=49160, stack(0x000000004a310000,0x000000004a410000)]
  0x000000003af49800 JavaThread "RebalanceService" [_thread_blocked, id=44772, stack(0x000000004a210000,0x000000004a310000)]
  0x000000003af4c800 JavaThread "PullMessageService" [_thread_blocked, id=36356, stack(0x000000004a110000,0x000000004a210000)]
  0x000000003af4b800 JavaThread "CleanExpireMsgScheduledThread_1" [_thread_blocked, id=2816, stack(0x000000004a010000,0x000000004a110000)]
  0x000000003af4b000 JavaThread "MQClientFactoryScheduledThread" [_thread_blocked, id=20032, stack(0x0000000049f10000,0x000000004a010000)]
  0x000000003af4a000 JavaThread "ClientHouseKeepingService" daemon [_thread_blocked, id=22972, stack(0x0000000049e10000,0x0000000049f10000)]
  0x000000003af46800 JavaThread "NettyClientScan_thread_2" daemon [_thread_blocked, id=43832, stack(0x0000000049d10000,0x0000000049e10000)]
  0x000000003af48800 JavaThread "NettyClientScan_thread_3" daemon [_thread_blocked, id=39276, stack(0x0000000049c10000,0x0000000049d10000)]
  0x000000003af47000 JavaThread "NettyClientScan_thread_4" daemon [_thread_blocked, id=28456, stack(0x0000000049b10000,0x0000000049c10000)]
  0x000000003af48000 JavaThread "NettyClientWorkerThread_1" [_thread_blocked, id=41744, stack(0x00000000479e0000,0x0000000047ae0000)]
  0x000000003af45800 JavaThread "NettyClientSelector_1" [_thread_in_native, id=34292, stack(0x00000000478e0000,0x00000000479e0000)]
  0x000000003aecc000 JavaThread "NettyClientScan_thread_1" daemon [_thread_blocked, id=22144, stack(0x00000000477e0000,0x00000000478e0000)]
  0x000000003aec8000 JavaThread "RebalanceService" [_thread_blocked, id=36284, stack(0x00000000476e0000,0x00000000477e0000)]
  0x000000003aecb000 JavaThread "PullMessageService" [_thread_blocked, id=16040, stack(0x00000000475e0000,0x00000000476e0000)]
  0x000000003aec7800 JavaThread "CleanExpireMsgScheduledThread_1" [_thread_blocked, id=34476, stack(0x00000000474e0000,0x00000000475e0000)]
  0x000000003aeca800 JavaThread "MQClientFactoryScheduledThread" [_thread_blocked, id=31940, stack(0x00000000473e0000,0x00000000474e0000)]
  0x000000003aec9800 JavaThread "ClientHouseKeepingService" daemon [_thread_blocked, id=43088, stack(0x00000000472e0000,0x00000000473e0000)]
  0x000000003aec6000 JavaThread "NettyClientScan_thread_3" daemon [_thread_blocked, id=26148, stack(0x00000000471e0000,0x00000000472e0000)]
  0x000000003aec9000 JavaThread "NettyClientScan_thread_4" daemon [_thread_blocked, id=17672, stack(0x00000000470e0000,0x00000000471e0000)]
  0x000000003aec6800 JavaThread "NettyClientWorkerThread_1" [_thread_blocked, id=23508, stack(0x0000000044fc0000,0x00000000450c0000)]
  0x000000003aec2000 JavaThread "NettyClientSelector_1" [_thread_in_native, id=42312, stack(0x0000000044ec0000,0x0000000044fc0000)]
  0x000000003aec5000 JavaThread "NettyClientScan_thread_1" daemon [_thread_blocked, id=40532, stack(0x0000000044dc0000,0x0000000044ec0000)]
  0x000000003aec4800 JavaThread "RebalanceService" [_thread_blocked, id=44816, stack(0x0000000044cc0000,0x0000000044dc0000)]
  0x000000003aec3800 JavaThread "PullMessageService" [_thread_blocked, id=7964, stack(0x0000000044bc0000,0x0000000044cc0000)]
  0x000000003aec3000 JavaThread "CleanExpireMsgScheduledThread_1" [_thread_blocked, id=32948, stack(0x0000000044ac0000,0x0000000044bc0000)]
  0x000000003aec0000 JavaThread "MQClientFactoryScheduledThread" [_thread_blocked, id=40016, stack(0x00000000449c0000,0x0000000044ac0000)]
  0x000000003aec1800 JavaThread "ClientHouseKeepingService" daemon [_thread_blocked, id=39316, stack(0x00000000446c0000,0x00000000447c0000)]
  0x000000003aec0800 JavaThread "NettyClientWorkerThread_1" daemon [_thread_blocked, id=45496, stack(0x00000000425a0000,0x00000000426a0000)]
  0x000000003aebd800 JavaThread "NettyClientSelector_1" daemon [_thread_in_native, id=31032, stack(0x00000000424a0000,0x00000000425a0000)]
  0x000000003aebf000 JavaThread "RebalanceService" [_thread_blocked, id=28100, stack(0x00000000423a0000,0x00000000424a0000)]
  0x000000003aebd000 JavaThread "PullMessageService" [_thread_blocked, id=34180, stack(0x00000000422a0000,0x00000000423a0000)]
  0x000000003aebe800 JavaThread "NettyClientScan_thread_1" daemon [_thread_blocked, id=22232, stack(0x00000000421a0000,0x00000000422a0000)]
  0x000000003ac1c800 JavaThread "CleanExpireMsgScheduledThread_1" [_thread_blocked, id=23000, stack(0x00000000420a0000,0x00000000421a0000)]
  0x000000003ac1a800 JavaThread "MQClientFactoryScheduledThread" [_thread_blocked, id=28400, stack(0x0000000041fa0000,0x00000000420a0000)]
  0x000000003ac19800 JavaThread "NettyClientScan_thread_2" daemon [_thread_blocked, id=35436, stack(0x0000000041ea0000,0x0000000041fa0000)]
  0x000000003ac1c000 JavaThread "NettyClientScan_thread_3" daemon [_thread_blocked, id=15800, stack(0x0000000041da0000,0x0000000041ea0000)]
  0x000000003ac18000 JavaThread "NettyClientScan_thread_4" daemon [_thread_blocked, id=48256, stack(0x0000000041ca0000,0x0000000041da0000)]
  0x000000003ac19000 JavaThread "ClientHouseKeepingService" daemon [_thread_blocked, id=49232, stack(0x0000000041ba0000,0x0000000041ca0000)]
  0x000000003ac1b000 JavaThread "NettyClientScan_thread_2" daemon [_thread_blocked, id=14948, stack(0x0000000041aa0000,0x0000000041ba0000)]
  0x000000003ac14800 JavaThread "NettyClientScan_thread_3" daemon [_thread_blocked, id=25656, stack(0x00000000419a0000,0x0000000041aa0000)]
  0x000000003ac17800 JavaThread "NettyClientScan_thread_4" daemon [_thread_blocked, id=6152, stack(0x00000000418a0000,0x00000000419a0000)]
  0x000000003ac13800 JavaThread "Druid-ConnectionPool-Destroy-2099793685" daemon [_thread_blocked, id=46112, stack(0x00000000413a0000,0x00000000414a0000)]
  0x000000003ac16800 JavaThread "Druid-ConnectionPool-Create-2099793685" daemon [_thread_blocked, id=15120, stack(0x00000000412a0000,0x00000000413a0000)]
  0x000000003ac13000 JavaThread "mysql-cj-abandoned-connection-cleanup" daemon [_thread_blocked, id=44740, stack(0x00000000411a0000,0x00000000412a0000)]
  0x000000003ac16000 JavaThread "NettyClientWorkerThread_1" daemon [_thread_blocked, id=16056, stack(0x000000003ee80000,0x000000003ef80000)]
  0x000000003ac0f000 JavaThread "NettyClientSelector_1" daemon [_thread_in_native, id=17684, stack(0x000000003ed80000,0x000000003ee80000)]
  0x000000003ac12000 JavaThread "RebalanceService" [_thread_blocked, id=49912, stack(0x000000003ec80000,0x000000003ed80000)]
  0x000000003ac11800 JavaThread "PullMessageService" [_thread_blocked, id=20588, stack(0x000000003eb80000,0x000000003ec80000)]
  0x000000003ac0d800 JavaThread "NettyClientScan_thread_1" daemon [_thread_blocked, id=48768, stack(0x000000003ea80000,0x000000003eb80000)]
  0x000000003ac10800 JavaThread "CleanExpireMsgScheduledThread_1" [_thread_blocked, id=12840, stack(0x000000003e980000,0x000000003ea80000)]
  0x000000003ac0e800 JavaThread "MQClientFactoryScheduledThread" [_thread_blocked, id=13344, stack(0x000000003e880000,0x000000003e980000)]
  0x000000003ac10000 JavaThread "NettyClientScan_thread_2" daemon [_thread_blocked, id=39652, stack(0x000000003e780000,0x000000003e880000)]
  0x00000000248f6000 JavaThread "NettyClientScan_thread_3" daemon [_thread_blocked, id=14472, stack(0x000000003e680000,0x000000003e780000)]
  0x00000000248f5800 JavaThread "ClientHouseKeepingService" daemon [_thread_blocked, id=15976, stack(0x000000003e580000,0x000000003e680000)]
  0x00000000248f4800 JavaThread "NettyClientWorkerThread_1" [_thread_blocked, id=35032, stack(0x000000003c460000,0x000000003c560000)]
  0x00000000248f1800 JavaThread "NettyClientSelector_1" [_thread_in_native, id=4072, stack(0x000000003c360000,0x000000003c460000)]
  0x00000000248f4000 JavaThread "NettyClientScan_thread_1" daemon [_thread_blocked, id=25680, stack(0x000000003c260000,0x000000003c360000)]
  0x00000000248f3000 JavaThread "RebalanceService" [_thread_blocked, id=31824, stack(0x000000003c160000,0x000000003c260000)]
  0x00000000248f2800 JavaThread "PullMessageService" [_thread_blocked, id=27712, stack(0x000000003c060000,0x000000003c160000)]
  0x00000000248ee800 JavaThread "CleanExpireMsgScheduledThread_1" [_thread_blocked, id=14596, stack(0x000000003bf60000,0x000000003c060000)]
  0x00000000248f1000 JavaThread "MQClientFactoryScheduledThread" [_thread_blocked, id=1780, stack(0x000000003be60000,0x000000003bf60000)]
  0x00000000248f0000 JavaThread "NettyClientScan_thread_2" daemon [_thread_blocked, id=33896, stack(0x000000003bd60000,0x000000003be60000)]
  0x00000000248ec800 JavaThread "ClientHouseKeepingService" daemon [_thread_blocked, id=10120, stack(0x000000003bc60000,0x000000003bd60000)]
  0x00000000248ef800 JavaThread "NettyClientScan_thread_4" daemon [_thread_blocked, id=38616, stack(0x000000003bb60000,0x000000003bc60000)]
  0x00000000248ed000 JavaThread "NettyClientScan_thread_3" daemon [_thread_blocked, id=16288, stack(0x000000003ba60000,0x000000003bb60000)]
  0x00000000248eb000 JavaThread "PullMessageServiceScheduledThread" [_thread_blocked, id=20320, stack(0x000000003a990000,0x000000003aa90000)]
  0x00000000248ee000 JavaThread "NettyClientPublicExecutor_1" [_thread_blocked, id=32680, stack(0x000000003a890000,0x000000003a990000)]
  0x00000000248e8800 JavaThread "NettyClientWorkerThread_2" [_thread_blocked, id=45676, stack(0x0000000039780000,0x0000000039880000)]
  0x00000000248eb800 JavaThread "NettyClientWorkerThread_1" [_thread_blocked, id=11016, stack(0x0000000037660000,0x0000000037760000)]
  0x00000000248e9800 JavaThread "NettyClientSelector_1" [_thread_in_native, id=29704, stack(0x0000000037560000,0x0000000037660000)]
  0x00000000248e8000 JavaThread "RebalanceService" [_thread_blocked, id=3092, stack(0x0000000037460000,0x0000000037560000)]
  0x00000000248e7000 JavaThread "PullMessageService" [_thread_blocked, id=37612, stack(0x0000000037360000,0x0000000037460000)]
  0x00000000248ea000 JavaThread "NettyClientScan_thread_1" daemon [_thread_blocked, id=27608, stack(0x0000000037260000,0x0000000037360000)]
  0x0000000027d87000 JavaThread "CleanExpireMsgScheduledThread_1" [_thread_blocked, id=23640, stack(0x0000000037160000,0x0000000037260000)]
  0x0000000027d85800 JavaThread "MQClientFactoryScheduledThread" [_thread_blocked, id=13144, stack(0x0000000037060000,0x0000000037160000)]
  0x0000000027d86800 JavaThread "NettyClientScan_thread_2" daemon [_thread_blocked, id=12592, stack(0x0000000036f60000,0x0000000037060000)]
  0x0000000027d84000 JavaThread "ClientHouseKeepingService" daemon [_thread_blocked, id=41764, stack(0x0000000036e60000,0x0000000036f60000)]
  0x0000000027d82000 JavaThread "NettyClientWorkerThread_1" [_thread_blocked, id=32912, stack(0x0000000034d30000,0x0000000034e30000)]
  0x0000000027d82800 JavaThread "NettyClientSelector_1" [_thread_in_native, id=25684, stack(0x0000000034c30000,0x0000000034d30000)]
  0x0000000027d85000 JavaThread "RebalanceService" [_thread_blocked, id=44436, stack(0x0000000034b30000,0x0000000034c30000)]
  0x0000000027d83800 JavaThread "PullMessageService" [_thread_blocked, id=45668, stack(0x0000000034a30000,0x0000000034b30000)]
  0x0000000027d7e000 JavaThread "NettyClientScan_thread_1" daemon [_thread_blocked, id=13652, stack(0x0000000034930000,0x0000000034a30000)]
  0x0000000027d81000 JavaThread "CleanExpireMsgScheduledThread_1" [_thread_blocked, id=24656, stack(0x0000000034830000,0x0000000034930000)]
  0x0000000027d7d000 JavaThread "MQClientFactoryScheduledThread" [_thread_blocked, id=5652, stack(0x0000000034730000,0x0000000034830000)]
  0x0000000027d80000 JavaThread "NettyClientScan_thread_3" daemon [_thread_blocked, id=13428, stack(0x0000000034630000,0x0000000034730000)]
  0x0000000027d7e800 JavaThread "NettyClientScan_thread_2" daemon [_thread_blocked, id=40500, stack(0x0000000034530000,0x0000000034630000)]
  0x0000000027d7f800 JavaThread "ClientHouseKeepingService" daemon [_thread_blocked, id=21896, stack(0x0000000034430000,0x0000000034530000)]
  0x0000000027d79800 JavaThread "NettyClientScan_thread_4" daemon [_thread_blocked, id=23940, stack(0x0000000034330000,0x0000000034430000)]
  0x0000000027d7c800 JavaThread "NettyClientWorkerThread_1" daemon [_thread_blocked, id=31352, stack(0x0000000032210000,0x0000000032310000)]
  0x0000000027d78800 JavaThread "NettyClientSelector_1" daemon [_thread_blocked, id=32984, stack(0x0000000032110000,0x0000000032210000)]
  0x0000000027d7b000 JavaThread "RebalanceService" [_thread_blocked, id=43888, stack(0x0000000032010000,0x0000000032110000)]
  0x0000000027d7b800 JavaThread "PullMessageService" [_thread_blocked, id=36256, stack(0x0000000031f10000,0x0000000032010000)]
  0x0000000027d7a000 JavaThread "NettyClientScan_thread_1" daemon [_thread_blocked, id=26376, stack(0x0000000031e10000,0x0000000031f10000)]
  0x0000000027d78000 JavaThread "CleanExpireMsgScheduledThread_1" [_thread_blocked, id=19680, stack(0x0000000031d10000,0x0000000031e10000)]
  0x000000002709c800 JavaThread "MQClientFactoryScheduledThread" [_thread_blocked, id=16524, stack(0x0000000031c10000,0x0000000031d10000)]
  0x0000000027099000 JavaThread "ClientHouseKeepingService" daemon [_thread_blocked, id=30136, stack(0x0000000031b10000,0x0000000031c10000)]
  0x0000000027098000 JavaThread "NettyClientScan_thread_2" daemon [_thread_blocked, id=1676, stack(0x0000000031910000,0x0000000031a10000)]
  0x000000002709b000 JavaThread "NettyClientWorkerThread_1" daemon [_thread_blocked, id=25852, stack(0x000000002f7f0000,0x000000002f8f0000)]
  0x0000000027097800 JavaThread "NettyClientSelector_1" daemon [_thread_blocked, id=17284, stack(0x000000002f6f0000,0x000000002f7f0000)]
  0x000000002709a800 JavaThread "RebalanceService" [_thread_blocked, id=47812, stack(0x000000002f5f0000,0x000000002f6f0000)]
  0x0000000027099800 JavaThread "PullMessageService" [_thread_blocked, id=24864, stack(0x000000002f4f0000,0x000000002f5f0000)]
  0x0000000027093800 JavaThread "NettyClientScan_thread_1" daemon [_thread_blocked, id=4692, stack(0x000000002f3f0000,0x000000002f4f0000)]
  0x0000000027096800 JavaThread "CleanExpireMsgScheduledThread_1" [_thread_blocked, id=11952, stack(0x000000002f2f0000,0x000000002f3f0000)]
  0x0000000027096000 JavaThread "MQClientFactoryScheduledThread" [_thread_blocked, id=36776, stack(0x000000002f1f0000,0x000000002f2f0000)]
  0x0000000027094800 JavaThread "ClientHouseKeepingService" daemon [_thread_blocked, id=44012, stack(0x000000002eef0000,0x000000002eff0000)]
  0x0000000027095000 JavaThread "NettyClientScan_thread_3" daemon [_thread_blocked, id=27408, stack(0x000000002edf0000,0x000000002eef0000)]
  0x0000000027090000 JavaThread "NettyClientWorkerThread_1" daemon [_thread_blocked, id=17452, stack(0x000000002ccc0000,0x000000002cdc0000)]
  0x0000000027092000 JavaThread "NettyClientSelector_1" daemon [_thread_in_native, id=22204, stack(0x000000002cbc0000,0x000000002ccc0000)]
  0x0000000027090800 JavaThread "RebalanceService" [_thread_blocked, id=17720, stack(0x000000002cac0000,0x000000002cbc0000)]
  0x0000000027093000 JavaThread "PullMessageService" [_thread_blocked, id=25536, stack(0x000000002c9c0000,0x000000002cac0000)]
  0x0000000027091800 JavaThread "NettyClientScan_thread_1" daemon [_thread_blocked, id=15780, stack(0x000000002c8c0000,0x000000002c9c0000)]
  0x000000002708d800 JavaThread "CleanExpireMsgScheduledThread_1" [_thread_blocked, id=28556, stack(0x000000002c7c0000,0x000000002c8c0000)]
  0x000000002708f000 JavaThread "MQClientFactoryScheduledThread" [_thread_blocked, id=15988, stack(0x000000002c6c0000,0x000000002c7c0000)]
  0x000000002708e800 JavaThread "ClientHouseKeepingService" daemon [_thread_blocked, id=36052, stack(0x000000002c5c0000,0x000000002c6c0000)]
  0x0000000027e6c000 JavaThread "NettyClientScan_thread_2" daemon [_thread_blocked, id=44584, stack(0x000000002c4c0000,0x000000002c5c0000)]
  0x0000000027e6b000 JavaThread "NettyClientWorkerThread_1" daemon [_thread_blocked, id=22848, stack(0x000000002a2a0000,0x000000002a3a0000)]
  0x0000000027e6a800 JavaThread "NettyClientSelector_1" daemon [_thread_in_native, id=22504, stack(0x000000002a1a0000,0x000000002a2a0000)]
  0x0000000027e66800 JavaThread "RequestHouseKeepingService1" [_thread_blocked, id=10808, stack(0x000000002a0a0000,0x000000002a1a0000)]
  0x0000000027e69800 JavaThread "NettyClientScan_thread_1" daemon [_thread_blocked, id=21200, stack(0x0000000029fa0000,0x000000002a0a0000)]
  0x0000000027e69000 JavaThread "RebalanceService" [_thread_blocked, id=33184, stack(0x0000000029ea0000,0x0000000029fa0000)]
  0x0000000027e65800 JavaThread "PullMessageService" [_thread_blocked, id=34016, stack(0x0000000029da0000,0x0000000029ea0000)]
  0x0000000027e67800 JavaThread "CleanExpireMsgScheduledThread_1" [_thread_blocked, id=29408, stack(0x0000000029ca0000,0x0000000029da0000)]
  0x0000000027e65000 JavaThread "MQClientFactoryScheduledThread" [_thread_blocked, id=37452, stack(0x0000000029ba0000,0x0000000029ca0000)]
  0x0000000027e68000 JavaThread "ClientHouseKeepingService" daemon [_thread_blocked, id=20160, stack(0x00000000298a0000,0x00000000299a0000)]
  0x0000000027e86000 JavaThread "AsyncAppender-Dispatcher-Thread-18" daemon [_thread_blocked, id=2924, stack(0x00000000297a0000,0x00000000298a0000)]
  0x00000000249a2800 JavaThread "lettuce-eventExecutorLoop-1-1" daemon [_thread_blocked, id=42068, stack(0x00000000294a0000,0x00000000295a0000)]
  0x00000000252ef800 JavaThread "container-0" [_thread_blocked, id=33872, stack(0x00000000291a0000,0x00000000292a0000)]
  0x00000000252ec000 JavaThread "Catalina-utility-2" [_thread_blocked, id=35736, stack(0x00000000290a0000,0x00000000291a0000)]
  0x0000000027c62800 JavaThread "Catalina-utility-1" [_thread_blocked, id=47528, stack(0x0000000028fa0000,0x00000000290a0000)]
  0x00000000257c4800 JavaThread "RMI Scheduler(0)" daemon [_thread_blocked, id=18900, stack(0x0000000026ad0000,0x0000000026bd0000)]
  0x000000002494e800 JavaThread "RMI TCP Accept-0" daemon [_thread_in_native, id=28492, stack(0x0000000024f00000,0x0000000025000000)]
  0x000000002064f000 JavaThread "Service Thread" daemon [_thread_blocked, id=22692, stack(0x0000000024600000,0x0000000024700000)]
  0x0000000020570800 JavaThread "C1 CompilerThread14" daemon [_thread_blocked, id=29368, stack(0x0000000024500000,0x0000000024600000)]
  0x0000000020568000 JavaThread "C1 CompilerThread13" daemon [_thread_blocked, id=11948, stack(0x0000000024400000,0x0000000024500000)]
  0x0000000020567000 JavaThread "C1 CompilerThread12" daemon [_thread_blocked, id=45900, stack(0x0000000024300000,0x0000000024400000)]
  0x0000000020564800 JavaThread "C1 CompilerThread11" daemon [_thread_blocked, id=15376, stack(0x0000000024200000,0x0000000024300000)]
  0x0000000020563800 JavaThread "C1 CompilerThread10" daemon [_thread_blocked, id=7664, stack(0x0000000024100000,0x0000000024200000)]
  0x0000000020557000 JavaThread "C2 CompilerThread9" daemon [_thread_blocked, id=31964, stack(0x0000000024000000,0x0000000024100000)]
  0x0000000020556000 JavaThread "C2 CompilerThread8" daemon [_thread_blocked, id=50084, stack(0x0000000023f00000,0x0000000024000000)]
  0x000000002054c800 JavaThread "C2 CompilerThread7" daemon [_thread_blocked, id=30444, stack(0x0000000023e00000,0x0000000023f00000)]
  0x0000000020549800 JavaThread "C2 CompilerThread6" daemon [_thread_blocked, id=28708, stack(0x0000000023d00000,0x0000000023e00000)]
  0x0000000020548000 JavaThread "C2 CompilerThread5" daemon [_thread_blocked, id=31156, stack(0x0000000023c00000,0x0000000023d00000)]
  0x0000000020547000 JavaThread "C2 CompilerThread4" daemon [_thread_blocked, id=33960, stack(0x0000000023b00000,0x0000000023c00000)]
  0x0000000020542800 JavaThread "C2 CompilerThread3" daemon [_thread_blocked, id=40088, stack(0x0000000023a00000,0x0000000023b00000)]
  0x000000002053e800 JavaThread "C2 CompilerThread2" daemon [_thread_blocked, id=15776, stack(0x0000000023900000,0x0000000023a00000)]
  0x000000002053c000 JavaThread "C2 CompilerThread1" daemon [_thread_blocked, id=28484, stack(0x0000000023800000,0x0000000023900000)]
  0x0000000020533800 JavaThread "C2 CompilerThread0" daemon [_thread_blocked, id=40028, stack(0x0000000023700000,0x0000000023800000)]
  0x000000002053b000 JavaThread "Monitor Ctrl-Break" daemon [_thread_in_native, id=42076, stack(0x0000000023600000,0x0000000023700000)]
  0x00000000204c7800 JavaThread "Attach Listener" daemon [_thread_blocked, id=8252, stack(0x0000000023500000,0x0000000023600000)]
  0x00000000204c6800 JavaThread "Signal Dispatcher" daemon [_thread_blocked, id=42232, stack(0x0000000023400000,0x0000000023500000)]
  0x00000000204ad000 JavaThread "Finalizer" daemon [_thread_blocked, id=12320, stack(0x0000000023200000,0x0000000023300000)]
  0x00000000204a8000 JavaThread "Reference Handler" daemon [_thread_blocked, id=9240, stack(0x0000000023100000,0x0000000023200000)]

Other Threads:
=>0x000000001df47000 VMThread [stack: 0x0000000023000000,0x0000000023100000] [id=8800]
  0x0000000024954000 WatcherThread [stack: 0x0000000025000000,0x0000000025100000] [id=32156]

VM state:at safepoint (normal execution)

VM Mutex/Monitor currently owned by a thread:  ([mutex/lock_event])
[0x0000000003700ed0] Threads_lock - owner thread: 0x000000001df47000

heap address: 0x00000006c4c00000, size: 4020 MB, Compressed Oops mode: Zero based, Oop shift amount: 3
Narrow klass base: 0x0000000000000000, Narrow klass shift: 3
Compressed class space size: 1073741824 Address: 0x00000007c0000000

Heap:
 PSYoungGen      total 672768K, used 336699K [0x000000076c400000, 0x0000000799b80000, 0x00000007c0000000)
  eden space 661504K, 49% used [0x000000076c400000,0x000000078024c9e8,0x0000000794a00000)
  from space 11264K, 95% used [0x0000000799080000,0x0000000799b024c8,0x0000000799b80000)
  to   space 29696K, 0% used [0x0000000796180000,0x0000000796180000,0x0000000797e80000)
 ParOldGen       total 209408K, used 77460K [0x00000006c4c00000, 0x00000006d1880000, 0x000000076c400000)
  object space 209408K, 36% used [0x00000006c4c00000,0x00000006c97a50d0,0x00000006d1880000)
 Metaspace       used 79389K, capacity 85096K, committed 85144K, reserved 1122304K
  class space    used 10620K, capacity 11653K, committed 11688K, reserved 1048576K

Card table byte_map: [0x0000000012bc0000,0x00000000133a0000] byte_map_base: 0x000000000f59a000

Marking Bits: (ParMarkBitMap*) 0x000000006c825ce0
 Begin Bits: [0x0000000014fe0000, 0x0000000018eb0000)
 End Bits:   [0x0000000018eb0000, 0x000000001cd80000)

Polling page: 0x0000000000f70000

CodeCache: size=245760Kb used=25781Kb max_used=25781Kb free=219979Kb
 bounds [0x0000000003800000, 0x0000000005140000, 0x0000000012800000]
 total_blobs=12993 nmethods=12284 adapters=615
 compilation: enabled

Compilation events (10 events):
Event: 5791.069 Thread 0x0000000020563800 12515       1       org.apache.rocketmq.common.stats.StatsItem::statPrintDetail (40 bytes)
Event: 5791.069 Thread 0x0000000020564800 nmethod 12514 0x000000000512f190 code [0x000000000512f2e0, 0x000000000512f3f0]
Event: 5791.070 Thread 0x0000000020568000 nmethod 12516 0x000000000512f450 code [0x000000000512f5a0, 0x000000000512f6b0]
Event: 5791.082 Thread 0x0000000020563800 nmethod 12515 0x000000000512f710 code [0x000000000512f8e0, 0x000000000512ff98]
Event: 5816.075 Thread 0x0000000020567000 12517       1       io.netty.channel.nio.SelectedSelectionKeySetSelector::selectNow (15 bytes)
Event: 5816.075 Thread 0x0000000020570800 12518       1       sun.nio.ch.SelectorImpl::selectNow (6 bytes)
Event: 5816.075 Thread 0x0000000020570800 nmethod 12518 0x0000000005130490 code [0x00000000051305e0, 0x0000000005130708]
Event: 5816.080 Thread 0x0000000020567000 nmethod 12517 0x0000000005130790 code [0x0000000005130900, 0x0000000005130a98]
Event: 5834.534 Thread 0x0000000020568000 12519       1       java.util.Objects::isNull (10 bytes)
Event: 5834.534 Thread 0x0000000020568000 nmethod 12519 0x0000000005130b90 code [0x0000000005130ce0, 0x0000000005130df0]

GC Heap History (10 events):
Event: 39.696 GC heap before
{Heap before GC invocations=15 (full 3):
 PSYoungGen      total 588800K, used 13979K [0x000000076c400000, 0x0000000792580000, 0x00000007c0000000)
  eden space 567296K, 0% used [0x000000076c400000,0x000000076c400000,0x000000078ee00000)
  from space 21504K, 65% used [0x0000000790300000,0x00000007910a6e60,0x0000000791800000)
  to   space 21504K, 0% used [0x000000078ee00000,0x000000078ee00000,0x0000000790300000)
 ParOldGen       total 146944K, used 45043K [0x00000006c4c00000, 0x00000006cdb80000, 0x000000076c400000)
  object space 146944K, 30% used [0x00000006c4c00000,0x00000006c77fce10,0x00000006cdb80000)
 Metaspace       used 55922K, capacity 59050K, committed 59160K, reserved 1099776K
  class space    used 7382K, capacity 7950K, committed 7976K, reserved 1048576K
Event: 39.827 GC heap after
Heap after GC invocations=15 (full 3):
 PSYoungGen      total 588800K, used 0K [0x000000076c400000, 0x0000000792580000, 0x00000007c0000000)
  eden space 567296K, 0% used [0x000000076c400000,0x000000076c400000,0x000000078ee00000)
  from space 21504K, 0% used [0x0000000790300000,0x0000000790300000,0x0000000791800000)
  to   space 21504K, 0% used [0x000000078ee00000,0x000000078ee00000,0x0000000790300000)
 ParOldGen       total 209408K, used 44172K [0x00000006c4c00000, 0x00000006d1880000, 0x000000076c400000)
  object space 209408K, 21% used [0x00000006c4c00000,0x00000006c7723360,0x00000006d1880000)
 Metaspace       used 55922K, capacity 59050K, committed 59160K, reserved 1099776K
  class space    used 7382K, capacity 7950K, committed 7976K, reserved 1048576K
}
Event: 42.025 GC heap before
{Heap before GC invocations=16 (full 3):
 PSYoungGen      total 588800K, used 567296K [0x000000076c400000, 0x0000000792580000, 0x00000007c0000000)
  eden space 567296K, 100% used [0x000000076c400000,0x000000078ee00000,0x000000078ee00000)
  from space 21504K, 0% used [0x0000000790300000,0x0000000790300000,0x0000000791800000)
  to   space 21504K, 0% used [0x000000078ee00000,0x000000078ee00000,0x0000000790300000)
 ParOldGen       total 209408K, used 44172K [0x00000006c4c00000, 0x00000006d1880000, 0x000000076c400000)
  object space 209408K, 21% used [0x00000006c4c00000,0x00000006c7723360,0x00000006d1880000)
 Metaspace       used 65787K, capacity 69960K, committed 70168K, reserved 1110016K
  class space    used 8732K, capacity 9483K, committed 9512K, reserved 1048576K
Event: 42.038 GC heap after
Heap after GC invocations=16 (full 3):
 PSYoungGen      total 588800K, used 21493K [0x000000076c400000, 0x000000079c700000, 0x00000007c0000000)
  eden space 567296K, 0% used [0x000000076c400000,0x000000076c400000,0x000000078ee00000)
  from space 21504K, 99% used [0x000000078ee00000,0x00000007902fd400,0x0000000790300000)
  to   space 25088K, 0% used [0x000000079ae80000,0x000000079ae80000,0x000000079c700000)
 ParOldGen       total 209408K, used 46196K [0x00000006c4c00000, 0x00000006d1880000, 0x000000076c400000)
  object space 209408K, 22% used [0x00000006c4c00000,0x00000006c791d300,0x00000006d1880000)
 Metaspace       used 65787K, capacity 69960K, committed 70168K, reserved 1110016K
  class space    used 8732K, capacity 9483K, committed 9512K, reserved 1048576K
}
Event: 62.136 GC heap before
{Heap before GC invocations=17 (full 3):
 PSYoungGen      total 588800K, used 588789K [0x000000076c400000, 0x000000079c700000, 0x00000007c0000000)
  eden space 567296K, 100% used [0x000000076c400000,0x000000078ee00000,0x000000078ee00000)
  from space 21504K, 99% used [0x000000078ee00000,0x00000007902fd400,0x0000000790300000)
  to   space 25088K, 0% used [0x000000079ae80000,0x000000079ae80000,0x000000079c700000)
 ParOldGen       total 209408K, used 46196K [0x00000006c4c00000, 0x00000006d1880000, 0x000000076c400000)
  object space 209408K, 22% used [0x00000006c4c00000,0x00000006c791d300,0x00000006d1880000)
 Metaspace       used 75845K, capacity 81468K, committed 81560K, reserved 1120256K
  class space    used 10146K, capacity 11129K, committed 11176K, reserved 1048576K
Event: 62.151 GC heap after
Heap after GC invocations=17 (full 3):
 PSYoungGen      total 743424K, used 25078K [0x000000076c400000, 0x000000079c700000, 0x00000007c0000000)
  eden space 718336K, 0% used [0x000000076c400000,0x000000076c400000,0x0000000798180000)
  from space 25088K, 99% used [0x000000079ae80000,0x000000079c6fd830,0x000000079c700000)
  to   space 30720K, 0% used [0x0000000798b00000,0x0000000798b00000,0x000000079a900000)
 ParOldGen       total 209408K, used 53092K [0x00000006c4c00000, 0x00000006d1880000, 0x000000076c400000)
  object space 209408K, 25% used [0x00000006c4c00000,0x00000006c7fd9130,0x00000006d1880000)
 Metaspace       used 75845K, capacity 81468K, committed 81560K, reserved 1120256K
  class space    used 10146K, capacity 11129K, committed 11176K, reserved 1048576K
}
Event: 3132.541 GC heap before
{Heap before GC invocations=18 (full 3):
 PSYoungGen      total 743424K, used 743414K [0x000000076c400000, 0x000000079c700000, 0x00000007c0000000)
  eden space 718336K, 100% used [0x000000076c400000,0x0000000798180000,0x0000000798180000)
  from space 25088K, 99% used [0x000000079ae80000,0x000000079c6fd830,0x000000079c700000)
  to   space 30720K, 0% used [0x0000000798b00000,0x0000000798b00000,0x000000079a900000)
 ParOldGen       total 209408K, used 53092K [0x00000006c4c00000, 0x00000006d1880000, 0x000000076c400000)
  object space 209408K, 25% used [0x00000006c4c00000,0x00000006c7fd9130,0x00000006d1880000)
 Metaspace       used 77609K, capacity 83300K, committed 83608K, reserved 1122304K
  class space    used 10346K, capacity 11331K, committed 11432K, reserved 1048576K
Event: 3132.604 GC heap after
Heap after GC invocations=18 (full 3):
 PSYoungGen      total 693760K, used 4135K [0x000000076c400000, 0x000000079af00000, 0x00000007c0000000)
  eden space 689152K, 0% used [0x000000076c400000,0x000000076c400000,0x0000000796500000)
  from space 4608K, 89% used [0x0000000798b00000,0x0000000798f09d10,0x0000000798f80000)
  to   space 31232K, 0% used [0x0000000799080000,0x0000000799080000,0x000000079af00000)
 ParOldGen       total 209408K, used 77452K [0x00000006c4c00000, 0x00000006d1880000, 0x000000076c400000)
  object space 209408K, 36% used [0x00000006c4c00000,0x00000006c97a30d0,0x00000006d1880000)
 Metaspace       used 77609K, capacity 83300K, committed 83608K, reserved 1122304K
  class space    used 10346K, capacity 11331K, committed 11432K, reserved 1048576K
}
Event: 4842.889 GC heap before
{Heap before GC invocations=19 (full 3):
 PSYoungGen      total 693760K, used 693287K [0x000000076c400000, 0x000000079af00000, 0x00000007c0000000)
  eden space 689152K, 100% used [0x000000076c400000,0x0000000796500000,0x0000000796500000)
  from space 4608K, 89% used [0x0000000798b00000,0x0000000798f09d10,0x0000000798f80000)
  to   space 31232K, 0% used [0x0000000799080000,0x0000000799080000,0x000000079af00000)
 ParOldGen       total 209408K, used 77452K [0x00000006c4c00000, 0x00000006d1880000, 0x000000076c400000)
  object space 209408K, 36% used [0x00000006c4c00000,0x00000006c97a30d0,0x00000006d1880000)
 Metaspace       used 79389K, capacity 85096K, committed 85144K, reserved 1122304K
  class space    used 10620K, capacity 11653K, committed 11688K, reserved 1048576K
Event: 4842.966 GC heap after
Heap after GC invocations=19 (full 3):
 PSYoungGen      total 672768K, used 10761K [0x000000076c400000, 0x0000000799b80000, 0x00000007c0000000)
  eden space 661504K, 0% used [0x000000076c400000,0x000000076c400000,0x0000000794a00000)
  from space 11264K, 95% used [0x0000000799080000,0x0000000799b024c8,0x0000000799b80000)
  to   space 29696K, 0% used [0x0000000796180000,0x0000000796180000,0x0000000797e80000)
 ParOldGen       total 209408K, used 77460K [0x00000006c4c00000, 0x00000006d1880000, 0x000000076c400000)
  object space 209408K, 36% used [0x00000006c4c00000,0x00000006c97a50d0,0x00000006d1880000)
 Metaspace       used 79389K, capacity 85096K, committed 85144K, reserved 1122304K
  class space    used 10620K, capacity 11653K, committed 11688K, reserved 1048576K
}

Deoptimization events (0 events):
No events

Classes redefined (0 events):
No events

Internal exceptions (10 events):
Event: 5827.936 Thread 0x000000003b952000 Exception <a 'java/io/FileNotFoundException'> (0x000000077d68d198) thrown at [C:\re\workspace\8-2-build-windows-amd64-cygwin\jdk8u202\12323\hotspot\src\share\vm\prims\jni.cpp, line 710]
Event: 5827.937 Thread 0x000000003b952000 Exception <a 'java/io/FileNotFoundException'> (0x000000077d68d770) thrown at [C:\re\workspace\8-2-build-windows-amd64-cygwin\jdk8u202\12323\hotspot\src\share\vm\prims\jni.cpp, line 710]
Event: 5837.947 Thread 0x000000003b952000 Exception <a 'java/io/FileNotFoundException'> (0x000000077d68dea8) thrown at [C:\re\workspace\8-2-build-windows-amd64-cygwin\jdk8u202\12323\hotspot\src\share\vm\prims\jni.cpp, line 710]
Event: 5837.947 Thread 0x000000003b952000 Exception <a 'java/io/FileNotFoundException'> (0x000000077d68e480) thrown at [C:\re\workspace\8-2-build-windows-amd64-cygwin\jdk8u202\12323\hotspot\src\share\vm\prims\jni.cpp, line 710]
Event: 5847.948 Thread 0x000000003b952000 Exception <a 'java/io/FileNotFoundException'> (0x000000077d68ebb8) thrown at [C:\re\workspace\8-2-build-windows-amd64-cygwin\jdk8u202\12323\hotspot\src\share\vm\prims\jni.cpp, line 710]
Event: 5847.948 Thread 0x000000003b952000 Exception <a 'java/io/FileNotFoundException'> (0x000000077d68f190) thrown at [C:\re\workspace\8-2-build-windows-amd64-cygwin\jdk8u202\12323\hotspot\src\share\vm\prims\jni.cpp, line 710]
Event: 5857.955 Thread 0x000000003b952000 Exception <a 'java/io/FileNotFoundException'> (0x000000077d68f8c8) thrown at [C:\re\workspace\8-2-build-windows-amd64-cygwin\jdk8u202\12323\hotspot\src\share\vm\prims\jni.cpp, line 710]
Event: 5857.955 Thread 0x000000003b952000 Exception <a 'java/io/FileNotFoundException'> (0x000000077d68fea0) thrown at [C:\re\workspace\8-2-build-windows-amd64-cygwin\jdk8u202\12323\hotspot\src\share\vm\prims\jni.cpp, line 710]
Event: 5867.964 Thread 0x000000003b952000 Exception <a 'java/io/FileNotFoundException'> (0x000000077fcfa178) thrown at [C:\re\workspace\8-2-build-windows-amd64-cygwin\jdk8u202\12323\hotspot\src\share\vm\prims\jni.cpp, line 710]
Event: 5867.964 Thread 0x000000003b952000 Exception <a 'java/io/FileNotFoundException'> (0x000000077fcfa750) thrown at [C:\re\workspace\8-2-build-windows-amd64-cygwin\jdk8u202\12323\hotspot\src\share\vm\prims\jni.cpp, line 710]

Events (10 events):
Event: 5763.082 Executing VM operation: RevokeBias done
Event: 5763.082 Executing VM operation: RevokeBias
Event: 5763.082 Executing VM operation: RevokeBias done
Event: 5776.542 Executing VM operation: BulkRevokeBias
Event: 5776.548 Executing VM operation: BulkRevokeBias done
Event: 5866.640 Executing VM operation: BulkRevokeBias
Event: 5866.674 Executing VM operation: BulkRevokeBias done
Event: 5871.079 Executing VM operation: RevokeBias
Event: 5871.081 Executing VM operation: RevokeBias done
Event: 5872.893 Executing VM operation: BulkRevokeBias


Dynamic libraries:
0x00007ff788be0000 - 0x00007ff788c17000 	C:\Users\ji\Desktop\250728QST\carbon_dev\jdk-8u202-windows-x64\bin\java.exe
0x00007ffa14080000 - 0x00007ffa142e8000 	C:\WINDOWS\SYSTEM32\ntdll.dll
0x00007ffa12740000 - 0x00007ffa12809000 	C:\WINDOWS\System32\KERNEL32.DLL
0x00007ffa11280000 - 0x00007ffa1166d000 	C:\WINDOWS\System32\KERNELBASE.dll
0x00007ffa13320000 - 0x00007ffa133d4000 	C:\WINDOWS\System32\ADVAPI32.dll
0x00007ffa138b0000 - 0x00007ffa13959000 	C:\WINDOWS\System32\msvcrt.dll
0x00007ffa12810000 - 0x00007ffa128b6000 	C:\WINDOWS\System32\sechost.dll
0x00007ffa12ff0000 - 0x00007ffa13108000 	C:\WINDOWS\System32\RPCRT4.dll
0x00007ffa13960000 - 0x00007ffa13b2c000 	C:\WINDOWS\System32\USER32.dll
0x00007ffa117b0000 - 0x00007ffa117d7000 	C:\WINDOWS\System32\win32u.dll
0x00007ffa136f0000 - 0x00007ffa1371b000 	C:\WINDOWS\System32\GDI32.dll
0x00007ffa11670000 - 0x00007ffa117a7000 	C:\WINDOWS\System32\gdi32full.dll
0x00007ffa111d0000 - 0x00007ffa11273000 	C:\WINDOWS\System32\msvcp_win.dll
0x00007ffa117e0000 - 0x00007ffa1192b000 	C:\WINDOWS\System32\ucrtbase.dll
0x00007ff9f08f0000 - 0x00007ff9f0b8a000 	C:\WINDOWS\WinSxS\amd64_microsoft.windows.common-controls_6595b64144ccf1df_6.0.26100.4484_none_3e0e6d4ce32ef3b3\COMCTL32.dll
0x00007ffa12700000 - 0x00007ffa1272f000 	C:\WINDOWS\System32\IMM32.DLL
0x000000006c8b0000 - 0x000000006c982000 	C:\Users\ji\Desktop\250728QST\carbon_dev\jdk-8u202-windows-x64\jre\bin\msvcr100.dll
0x000000006c000000 - 0x000000006c8a5000 	C:\Users\ji\Desktop\250728QST\carbon_dev\jdk-8u202-windows-x64\jre\bin\server\jvm.dll
0x00007ffa12e00000 - 0x00007ffa12e08000 	C:\WINDOWS\System32\PSAPI.DLL
0x00007ffa06b10000 - 0x00007ffa06b1a000 	C:\WINDOWS\SYSTEM32\WSOCK32.dll
0x00007ffa04b30000 - 0x00007ffa04b3b000 	C:\WINDOWS\SYSTEM32\VERSION.dll
0x00007ffa0d050000 - 0x00007ffa0d085000 	C:\WINDOWS\SYSTEM32\WINMM.dll
0x00007ffa13b30000 - 0x00007ffa13ba4000 	C:\WINDOWS\System32\WS2_32.dll
0x00007ff9f9900000 - 0x00007ff9f990f000 	C:\Users\ji\Desktop\250728QST\carbon_dev\jdk-8u202-windows-x64\jre\bin\verify.dll
0x00007ff9dc7b0000 - 0x00007ff9dc7d9000 	C:\Users\ji\Desktop\250728QST\carbon_dev\jdk-8u202-windows-x64\jre\bin\java.dll
0x00007ff9cf430000 - 0x00007ff9cf453000 	C:\Users\ji\Desktop\250728QST\carbon_dev\jdk-8u202-windows-x64\jre\bin\instrument.dll
0x00007ff9f3ef0000 - 0x00007ff9f3f06000 	C:\Users\ji\Desktop\250728QST\carbon_dev\jdk-8u202-windows-x64\jre\bin\zip.dll
0x00007ffa11f30000 - 0x00007ffa1267a000 	C:\WINDOWS\System32\SHELL32.dll
0x00007ffa11b20000 - 0x00007ffa11c94000 	C:\WINDOWS\System32\wintypes.dll
0x00007ffa128c0000 - 0x00007ffa12c46000 	C:\WINDOWS\System32\combase.dll
0x00007ffa0ee00000 - 0x00007ffa0f65b000 	C:\WINDOWS\SYSTEM32\windows.storage.dll
0x00007ffa13720000 - 0x00007ffa13815000 	C:\WINDOWS\System32\SHCORE.dll
0x00007ffa12d90000 - 0x00007ffa12dfa000 	C:\WINDOWS\System32\shlwapi.dll
0x00007ffa110e0000 - 0x00007ffa1110f000 	C:\WINDOWS\SYSTEM32\profapi.dll
0x00007ff9dc850000 - 0x00007ff9dc86a000 	D:\IDEA_24.8.20\IntelliJ IDEA 2024.1.6\bin\breakgen64.dll
0x00007ff9da620000 - 0x00007ff9da63a000 	C:\Users\ji\Desktop\250728QST\carbon_dev\jdk-8u202-windows-x64\jre\bin\net.dll
0x00007ff9ed980000 - 0x00007ff9edb64000 	C:\WINDOWS\SYSTEM32\urlmon.dll
0x00007ff9ed5e0000 - 0x00007ff9ed8ab000 	C:\WINDOWS\SYSTEM32\iertutil.dll
0x00007ffa0f9d0000 - 0x00007ffa0f9dd000 	C:\WINDOWS\SYSTEM32\netutils.dll
0x00007ffa03f80000 - 0x00007ffa03fa9000 	C:\WINDOWS\SYSTEM32\srvcli.dll
0x00007ffa10620000 - 0x00007ffa1068a000 	C:\WINDOWS\system32\mswsock.dll
0x00007ffa0fad0000 - 0x00007ffa0fbf6000 	C:\WINDOWS\SYSTEM32\DNSAPI.dll
0x00007ffa0f9e0000 - 0x00007ffa0fa13000 	C:\WINDOWS\SYSTEM32\IPHLPAPI.DLL
0x00007ffa13190000 - 0x00007ffa1319a000 	C:\WINDOWS\System32\NSI.dll
0x00007ffa07fe0000 - 0x00007ffa07feb000 	C:\Windows\System32\rasadhlp.dll
0x00007ffa08b50000 - 0x00007ffa08bd6000 	C:\WINDOWS\System32\fwpuclnt.dll
0x00007ff9ec290000 - 0x00007ff9ec29d000 	C:\Users\ji\Desktop\250728QST\carbon_dev\jdk-8u202-windows-x64\jre\bin\management.dll
0x00007ff9d4780000 - 0x00007ff9d4792000 	C:\Users\ji\Desktop\250728QST\carbon_dev\jdk-8u202-windows-x64\jre\bin\nio.dll
0x00007ffa108d0000 - 0x00007ffa108eb000 	C:\WINDOWS\SYSTEM32\CRYPTSP.dll
0x00007ffa0fff0000 - 0x00007ffa1002b000 	C:\WINDOWS\system32\rsaenh.dll
0x00007ffa106c0000 - 0x00007ffa106eb000 	C:\WINDOWS\SYSTEM32\USERENV.dll
0x00007ffa110b0000 - 0x00007ffa110d6000 	C:\WINDOWS\SYSTEM32\bcrypt.dll
0x00007ffa119f0000 - 0x00007ffa11a89000 	C:\WINDOWS\System32\bcryptprimitives.dll
0x00007ffa108f0000 - 0x00007ffa108fc000 	C:\WINDOWS\SYSTEM32\CRYPTBASE.dll
0x00007ffa08a20000 - 0x00007ffa08a3f000 	C:\WINDOWS\SYSTEM32\dhcpcsvc6.DLL
0x00007ffa089f0000 - 0x00007ffa08a15000 	C:\WINDOWS\SYSTEM32\dhcpcsvc.DLL
0x00007ff9f05d0000 - 0x00007ff9f05e8000 	C:\WINDOWS\system32\napinsp.dll
0x00007ff9f05b0000 - 0x00007ff9f05c2000 	C:\WINDOWS\System32\winrnr.dll
0x00007ff9efa50000 - 0x00007ff9efa80000 	C:\WINDOWS\system32\nlansp_c.dll
0x00007ff9eb0d0000 - 0x00007ff9eb0f0000 	C:\WINDOWS\system32\wshbth.dll
0x00007ff9a4c30000 - 0x00007ff9a4c54000 	C:\Users\ji\Desktop\250728QST\carbon_dev\jdk-8u202-windows-x64\jre\bin\sunec.dll
0x00007ffa04540000 - 0x00007ffa0454b000 	C:\Users\ji\Desktop\250728QST\carbon_dev\jdk-8u202-windows-x64\jre\bin\sunmscapi.dll
0x00007ffa11ca0000 - 0x00007ffa11e17000 	C:\WINDOWS\System32\CRYPT32.dll

VM Arguments:
jvm_args: -XX:TieredStopAtLevel=1 -Xverify:none -Dspring.output.ansi.enabled=always -Dcom.sun.management.jmxremote -Dspring.jmx.enabled=true -Dspring.liveBeansView.mbeanDomain -Dspring.application.admin.enabled=true -Dmanagement.endpoints.jmx.exposure.include=* -javaagent:D:\IDEA_24.8.20\IntelliJ IDEA 2024.1.6\lib\idea_rt.jar=58571:D:\IDEA_24.8.20\IntelliJ IDEA 2024.1.6\bin -Dfile.encoding=UTF-8 
java_command: com.intellij.rt.execution.CommandLineWrapper C:\Users\ji\AppData\Local\Temp\idea_classpath772415631 com.carbon.mq.MqApplication
java_class_path (initial): D:\IDEA_24.8.20\IntelliJ IDEA 2024.1.6\lib\idea_rt.jar;D:\IDEA_24.8.20\IntelliJ IDEA 2024.1.6\lib\idea_rt.jar
Launcher Type: SUN_STANDARD

Environment Variables:
JAVA_HOME=C:\Users\ji\Desktop\250728QST\carbon_dev\jdk-8u202-windows-x64
USERNAME=ji
OS=Windows_NT
PROCESSOR_IDENTIFIER=Intel64 Family 6 Model 183 Stepping 1, GenuineIntel



---------------  S Y S T E M  ---------------

OS: Windows 10.0 , 64 bit Build 26100 (10.0.26100.4484)

CPU:total 32 (initial active 32) (16 cores per cpu, 2 threads per core) family 6 model 183 stepping 1, cmov, cx8, fxsr, mmx, sse, sse2, sse3, ssse3, sse4.1, sse4.2, popcnt, avx, avx2, aes, clmul, erms, 3dnowpref, lzcnt, ht, tsc, tscinvbit, bmi1, bmi2, adx

Memory: 4k page, physical 16463352k(3940724k free), swap 55784948k(352k free)

vm_info: Java HotSpot(TM) 64-Bit Server VM (25.202-b08) for windows-amd64 JRE (1.8.0_202-b08), built on Dec 15 2018 19:54:30 by "java_re" with MS VC++ 10.0 (VS2010)

time: Fri Aug 22 15:44:24 2025
timezone: 
elapsed time: 5875 seconds (0d 1h 37m 55s)

